#
# There is insufficient memory for the Java Runtime Environment to continue.
# Native memory allocation (malloc) failed to allocate 985456 bytes for Chunk::new
# Possible reasons:
#   The system is out of physical RAM or swap space
#   The process is running with CompressedOops enabled, and the Java Heap may be blocking the growth of the native heap
# Possible solutions:
#   Reduce memory load on the system
#   Increase physical memory or swap space
#   Check if swap backing store is full
#   Decrease Java heap size (-Xmx/-Xms)
#   Decrease number of Java threads
#   Decrease Java thread stack sizes (-Xss)
#   Set larger code cache with -XX:ReservedCodeCacheSize=
#   JVM is running with Unscaled Compressed Oops mode in which the Java heap is
#     placed in the first 4GB address space. The Java Heap base address is the
#     maximum limit for the native heap growth. Please use -XX:HeapBaseMinAddress
#     to set the Java Heap base and to place the Java Heap above 4GB virtual address.
# This output file may be truncated or incomplete.
#
#  Out of Memory Error (./src/hotspot/share/memory/arena.cpp:197), pid=20124, tid=2856
#
# JRE version: OpenJDK Runtime Environment (11.0.8+10) (build 11.0.8+10-b944.6842174)
# Java VM: OpenJDK 64-Bit Server VM (11.0.8+10-b944.6842174, mixed mode, tiered, compressed oops, g1 gc, windows-amd64)
# No core dump will be written. Minidumps are not enabled by default on client versions of Windows
#

---------------  S U M M A R Y ------------

Command Line: --add-opens=java.base/java.util=ALL-UNNAMED --add-opens=java.base/java.lang=ALL-UNNAMED --add-opens=java.base/java.lang.invoke=ALL-UNNAMED --add-opens=java.prefs/java.util.prefs=ALL-UNNAMED -Xmx1536m -Dfile.encoding=windows-1252 -Duser.country=FR -Duser.language=fr -Duser.variant org.gradle.launcher.daemon.bootstrap.GradleDaemon 6.7.1

Host: AMD Ryzen 5 4600H with Radeon Graphics         , 12 cores, 15G,  Windows 10 , 64 bit Build 19041 (10.0.19041.1348)
Time: Thu Dec 16 05:05:14 2021 Paris, Madrid elapsed time: 6 seconds (0d 0h 0m 6s)

---------------  T H R E A D  ---------------

Current thread (0x0000021571a40000):  JavaThread "C2 CompilerThread1" daemon [_thread_in_native, id=2856, stack(0x000000612e500000,0x000000612e600000)]


Current CompileTask:
C2:   6663 2484  s!   4       jdk.internal.loader.URLClassPath::getLoader (194 bytes)

Stack: [0x000000612e500000,0x000000612e600000]
Native frames: (J=compiled Java code, j=interpreted, Vv=VM code, C=native code)
V  [jvm.dll+0x5de50a]
V  [jvm.dll+0x7122f5]
V  [jvm.dll+0x71384d]
V  [jvm.dll+0x713f03]
V  [jvm.dll+0x23e728]
V  [jvm.dll+0xb899c]
V  [jvm.dll+0xb8e9c]
V  [jvm.dll+0x35024d]
V  [jvm.dll+0x193ebc]
V  [jvm.dll+0x1f780e]
V  [jvm.dll+0x1f68d4]
V  [jvm.dll+0x17f32c]
V  [jvm.dll+0x205047]
V  [jvm.dll+0x203891]
V  [jvm.dll+0x6dad3f]
V  [jvm.dll+0x6d3895]
V  [jvm.dll+0x5dd4a6]
C  [ucrtbase.dll+0x21bb2]
C  [KERNEL32.DLL+0x17034]
C  [ntdll.dll+0x52651]


---------------  P R O C E S S  ---------------

Threads class SMR info:
_java_thread_list=0x00000215770edce0, length=30, elements={
0x00000215561ba000, 0x000002156fe4e800, 0x000002156fe72000, 0x000002156fed1000,
0x000002156fed2000, 0x000002156fed4000, 0x000002156fed8800, 0x000002156fed9800,
0x000002157004c000, 0x0000021570066000, 0x0000021571839000, 0x0000021570e4b000,
0x000002157037e800, 0x0000021571ef3800, 0x0000021571e24800, 0x00000215726db000,
0x000002157191b000, 0x0000021571b21000, 0x0000021571747800, 0x00000215722eb800,
0x00000215722e9800, 0x00000215722eb000, 0x00000215722ee000, 0x0000021571a40000,
0x00000215729a7800, 0x00000215722ea000, 0x00000215722e8800, 0x00000215722ef000,
0x00000215722ec800, 0x00000215722ed800
}

Java Threads: ( => current thread )
  0x00000215561ba000 JavaThread "main" [_thread_blocked, id=588, stack(0x000000612ba00000,0x000000612bb00000)]
  0x000002156fe4e800 JavaThread "Reference Handler" daemon [_thread_blocked, id=1948, stack(0x000000612c100000,0x000000612c200000)]
  0x000002156fe72000 JavaThread "Finalizer" daemon [_thread_blocked, id=1480, stack(0x000000612c200000,0x000000612c300000)]
  0x000002156fed1000 JavaThread "Signal Dispatcher" daemon [_thread_blocked, id=13432, stack(0x000000612c300000,0x000000612c400000)]
  0x000002156fed2000 JavaThread "Attach Listener" daemon [_thread_blocked, id=8048, stack(0x000000612c400000,0x000000612c500000)]
  0x000002156fed4000 JavaThread "C2 CompilerThread0" daemon [_thread_blocked, id=3884, stack(0x000000612c500000,0x000000612c600000)]
  0x000002156fed8800 JavaThread "C1 CompilerThread0" daemon [_thread_blocked, id=10076, stack(0x000000612c600000,0x000000612c700000)]
  0x000002156fed9800 JavaThread "Sweeper thread" daemon [_thread_blocked, id=5244, stack(0x000000612c700000,0x000000612c800000)]
  0x000002157004c000 JavaThread "Common-Cleaner" daemon [_thread_blocked, id=17452, stack(0x000000612c800000,0x000000612c900000)]
  0x0000021570066000 JavaThread "Service Thread" daemon [_thread_blocked, id=21700, stack(0x000000612c900000,0x000000612ca00000)]
  0x0000021571839000 JavaThread "Daemon health stats" [_thread_blocked, id=16836, stack(0x000000612d100000,0x000000612d200000)]
  0x0000021570e4b000 JavaThread "Incoming local TCP Connector on port 28311" [_thread_in_native, id=18012, stack(0x000000612d200000,0x000000612d300000)]
  0x000002157037e800 JavaThread "Daemon periodic checks" [_thread_blocked, id=15508, stack(0x000000612d300000,0x000000612d400000)]
  0x0000021571ef3800 JavaThread "Daemon" [_thread_blocked, id=7452, stack(0x000000612d400000,0x000000612d500000)]
  0x0000021571e24800 JavaThread "Handler for socket connection from /127.0.0.1:28311 to /127.0.0.1:28312" [_thread_in_native, id=14072, stack(0x000000612d500000,0x000000612d600000)]
  0x00000215726db000 JavaThread "Cancel handler" [_thread_blocked, id=9920, stack(0x000000612d600000,0x000000612d700000)]
  0x000002157191b000 JavaThread "Daemon worker" [_thread_in_Java, id=19960, stack(0x000000612d700000,0x000000612d800000)]
  0x0000021571b21000 JavaThread "Asynchronous log dispatcher for DefaultDaemonConnection: socket connection from /127.0.0.1:28311 to /127.0.0.1:28312" [_thread_blocked, id=16732, stack(0x000000612d900000,0x000000612da00000)]
  0x0000021571747800 JavaThread "Stdin handler" [_thread_blocked, id=20364, stack(0x000000612da00000,0x000000612db00000)]
  0x00000215722eb800 JavaThread "Thread-8" [_thread_blocked, id=18868, stack(0x000000612db00000,0x000000612dc00000)]
  0x00000215722e9800 JavaThread "Cache worker for file hash cache (C:\Users\KABAD\.gradle\caches\6.7.1\fileHashes)" [_thread_blocked, id=22304, stack(0x000000612dc00000,0x000000612dd00000)]
  0x00000215722eb000 JavaThread "File lock request listener" [_thread_in_native, id=10256, stack(0x000000612dd00000,0x000000612de00000)]
  0x00000215722ee000 JavaThread "Cache worker for journal cache (C:\Users\KABAD\.gradle\caches\journal-1)" [_thread_blocked, id=21420, stack(0x000000612e400000,0x000000612e500000)]
=>0x0000021571a40000 JavaThread "C2 CompilerThread1" daemon [_thread_in_native, id=2856, stack(0x000000612e500000,0x000000612e600000)]
  0x00000215729a7800 JavaThread "C2 CompilerThread2" daemon [_thread_blocked, id=22512, stack(0x000000612e600000,0x000000612e700000)]
  0x00000215722ea000 JavaThread "Cache worker for file hash cache (C:\Users\KABAD\Documents\OpenClassrooms\Android\Entrevoisins\.gradle\6.7.1\fileHashes)" [_thread_blocked, id=17100, stack(0x000000612e700000,0x000000612e800000)]
  0x00000215722e8800 JavaThread "Cache worker for checksums cache (C:\Users\KABAD\Documents\OpenClassrooms\Android\Entrevoisins\.gradle\checksums)" [_thread_blocked, id=21032, stack(0x000000612e800000,0x000000612e900000)]
  0x00000215722ef000 JavaThread "Cache worker for cache directory md-supplier (C:\Users\KABAD\.gradle\caches\6.7.1\md-supplier)" [_thread_blocked, id=440, stack(0x000000612e900000,0x000000612ea00000)]
  0x00000215722ec800 JavaThread "Cache worker for cache directory md-rule (C:\Users\KABAD\.gradle\caches\6.7.1\md-rule)" [_thread_blocked, id=21364, stack(0x000000612ea00000,0x000000612eb00000)]
  0x00000215722ed800 JavaThread "Cache worker for execution history cache (C:\Users\KABAD\.gradle\caches\6.7.1\executionHistory)" [_thread_blocked, id=20164, stack(0x000000612eb00000,0x000000612ec00000)]

Other Threads:
  0x000002156fe4b000 VMThread "VM Thread" [stack: 0x000000612c000000,0x000000612c100000] [id=18876]
  0x0000021570067000 WatcherThread [stack: 0x000000612ca00000,0x000000612cb00000] [id=9924]
  0x00000215561d2000 GCTaskThread "GC Thread#0" [stack: 0x000000612bb00000,0x000000612bc00000] [id=19472]
  0x000002157043c800 GCTaskThread "GC Thread#1" [stack: 0x000000612cd00000,0x000000612ce00000] [id=19120]
  0x0000021570e5b800 GCTaskThread "GC Thread#2" [stack: 0x000000612ce00000,0x000000612cf00000] [id=22372]
  0x0000021570ceb000 GCTaskThread "GC Thread#3" [stack: 0x000000612cf00000,0x000000612d000000] [id=7784]
  0x0000021570b29800 GCTaskThread "GC Thread#4" [stack: 0x000000612d000000,0x000000612d100000] [id=14128]
  0x0000021571b20000 GCTaskThread "GC Thread#5" [stack: 0x000000612d800000,0x000000612d900000] [id=21888]
  0x0000021571742000 GCTaskThread "GC Thread#6" [stack: 0x000000612de00000,0x000000612df00000] [id=3204]
  0x00000215720b0800 GCTaskThread "GC Thread#7" [stack: 0x000000612df00000,0x000000612e000000] [id=21652]
  0x0000021571574000 GCTaskThread "GC Thread#8" [stack: 0x000000612e000000,0x000000612e100000] [id=2476]
  0x00000215725f7000 GCTaskThread "GC Thread#9" [stack: 0x000000612e100000,0x000000612e200000] [id=16224]
  0x00000215561f8800 ConcurrentGCThread "G1 Main Marker" [stack: 0x000000612bc00000,0x000000612bd00000] [id=772]
  0x00000215561fb800 ConcurrentGCThread "G1 Conc#0" [stack: 0x000000612bd00000,0x000000612be00000] [id=8624]
  0x00000215711e8000 ConcurrentGCThread "G1 Conc#1" [stack: 0x000000612e200000,0x000000612e300000] [id=20840]
  0x0000021571d94000 ConcurrentGCThread "G1 Conc#2" [stack: 0x000000612e300000,0x000000612e400000] [id=17980]
  0x000002156f4b4800 ConcurrentGCThread "G1 Refine#0" [stack: 0x000000612be00000,0x000000612bf00000] [id=4748]
  0x000002156f4b5800 ConcurrentGCThread "G1 Young RemSet Sampling" [stack: 0x000000612bf00000,0x000000612c000000] [id=14636]

Threads with active compile tasks:
C1 CompilerThread0   6699 2675       3       org.codehaus.groovy.util.SingleKeyHashMap::getOrPut (137 bytes)
C2 CompilerThread1   6699 2484  s!   4       jdk.internal.loader.URLClassPath::getLoader (194 bytes)

VM state:not at safepoint (normal execution)

VM Mutex/Monitor currently owned by a thread:  ([mutex/lock_event])
[0x00000215561b7680] MethodData_lock - owner thread: 0x0000000000000000

Heap address: 0x00000000a0000000, size: 1536 MB, Compressed Oops mode: 32-bit
Narrow klass base: 0x0000000000000000, Narrow klass shift: 3
Compressed class space size: 1073741824 Address: 0x0000000100000000

Heap:
 garbage-first heap   total 251904K, used 71461K [0x00000000a0000000, 0x0000000100000000)
  region size 1024K, 56 young (57344K), 3 survivors (3072K)
 Metaspace       used 33836K, capacity 34505K, committed 34688K, reserved 1079296K
  class space    used 4374K, capacity 4633K, committed 4736K, reserved 1048576K
Heap Regions: E=young(eden), S=young(survivor), O=old, HS=humongous(starts), HC=humongous(continues), CS=collection set, F=free, A=archive, TAMS=top-at-mark-start (previous, next)
|   0|0x00000000a0000000, 0x00000000a0100000, 0x00000000a0100000|100%| O|  |TAMS 0x00000000a0000000, 0x00000000a0000000| Untracked 
|   1|0x00000000a0100000, 0x00000000a0200000, 0x00000000a0200000|100%| O|  |TAMS 0x00000000a0100000, 0x00000000a0100000| Untracked 
|   2|0x00000000a0200000, 0x00000000a0300000, 0x00000000a0300000|100%| O|  |TAMS 0x00000000a0200000, 0x00000000a0200000| Untracked 
|   3|0x00000000a0300000, 0x00000000a0400000, 0x00000000a0400000|100%|HS|  |TAMS 0x00000000a0400000, 0x00000000a0300000| Complete 
|   4|0x00000000a0400000, 0x00000000a0500000, 0x00000000a0500000|100%|HC|  |TAMS 0x00000000a0500000, 0x00000000a0400000| Complete 
|   5|0x00000000a0500000, 0x00000000a0600000, 0x00000000a0600000|100%|HC|  |TAMS 0x00000000a0600000, 0x00000000a0500000| Complete 
|   6|0x00000000a0600000, 0x00000000a0700000, 0x00000000a0700000|100%| O|  |TAMS 0x00000000a0700000, 0x00000000a0600000| Untracked 
|   7|0x00000000a0700000, 0x00000000a0800000, 0x00000000a0800000|100%| O|  |TAMS 0x00000000a0800000, 0x00000000a0700000| Untracked 
|   8|0x00000000a0800000, 0x00000000a0900000, 0x00000000a0900000|100%| O|  |TAMS 0x00000000a089ae00, 0x00000000a0800000| Untracked 
|   9|0x00000000a0900000, 0x00000000a0a00000, 0x00000000a0a00000|100%| O|  |TAMS 0x00000000a0900000, 0x00000000a0900000| Untracked 
|  10|0x00000000a0a00000, 0x00000000a0b00000, 0x00000000a0b00000|100%| O|  |TAMS 0x00000000a0a00000, 0x00000000a0a00000| Untracked 
|  11|0x00000000a0b00000, 0x00000000a0c00000, 0x00000000a0c00000|100%| O|  |TAMS 0x00000000a0b00000, 0x00000000a0b00000| Untracked 
|  12|0x00000000a0c00000, 0x00000000a0d00000, 0x00000000a0d00000|100%| O|  |TAMS 0x00000000a0c00000, 0x00000000a0c00000| Untracked 
|  13|0x00000000a0d00000, 0x00000000a0e00000, 0x00000000a0e00000|100%| O|  |TAMS 0x00000000a0d00000, 0x00000000a0d00000| Untracked 
|  14|0x00000000a0e00000, 0x00000000a0f00000, 0x00000000a0f00000|100%| O|  |TAMS 0x00000000a0e00000, 0x00000000a0e00000| Untracked 
|  15|0x00000000a0f00000, 0x00000000a0f83e00, 0x00000000a1000000| 51%| O|  |TAMS 0x00000000a0f00000, 0x00000000a0f00000| Untracked 
|  16|0x00000000a1000000, 0x00000000a1000000, 0x00000000a1100000|  0%| F|  |TAMS 0x00000000a1000000, 0x00000000a1000000| Untracked 
|  17|0x00000000a1100000, 0x00000000a1100000, 0x00000000a1200000|  0%| F|  |TAMS 0x00000000a1100000, 0x00000000a1100000| Untracked 
|  18|0x00000000a1200000, 0x00000000a1200000, 0x00000000a1300000|  0%| F|  |TAMS 0x00000000a1200000, 0x00000000a1200000| Untracked 
|  19|0x00000000a1300000, 0x00000000a1300000, 0x00000000a1400000|  0%| F|  |TAMS 0x00000000a1300000, 0x00000000a1300000| Untracked 
|  20|0x00000000a1400000, 0x00000000a1400000, 0x00000000a1500000|  0%| F|  |TAMS 0x00000000a1400000, 0x00000000a1400000| Untracked 
|  21|0x00000000a1500000, 0x00000000a1500000, 0x00000000a1600000|  0%| F|  |TAMS 0x00000000a1500000, 0x00000000a1500000| Untracked 
|  22|0x00000000a1600000, 0x00000000a1600000, 0x00000000a1700000|  0%| F|  |TAMS 0x00000000a1600000, 0x00000000a1600000| Untracked 
|  23|0x00000000a1700000, 0x00000000a1700000, 0x00000000a1800000|  0%| F|  |TAMS 0x00000000a1700000, 0x00000000a1700000| Untracked 
|  24|0x00000000a1800000, 0x00000000a1800000, 0x00000000a1900000|  0%| F|  |TAMS 0x00000000a1800000, 0x00000000a1800000| Untracked 
|  25|0x00000000a1900000, 0x00000000a1900000, 0x00000000a1a00000|  0%| F|  |TAMS 0x00000000a1900000, 0x00000000a1900000| Untracked 
|  26|0x00000000a1a00000, 0x00000000a1a00000, 0x00000000a1b00000|  0%| F|  |TAMS 0x00000000a1a00000, 0x00000000a1a00000| Untracked 
|  27|0x00000000a1b00000, 0x00000000a1b00000, 0x00000000a1c00000|  0%| F|  |TAMS 0x00000000a1b00000, 0x00000000a1b00000| Untracked 
|  28|0x00000000a1c00000, 0x00000000a1c00000, 0x00000000a1d00000|  0%| F|  |TAMS 0x00000000a1c00000, 0x00000000a1c00000| Untracked 
|  29|0x00000000a1d00000, 0x00000000a1d00000, 0x00000000a1e00000|  0%| F|  |TAMS 0x00000000a1d00000, 0x00000000a1d00000| Untracked 
|  30|0x00000000a1e00000, 0x00000000a1e00000, 0x00000000a1f00000|  0%| F|  |TAMS 0x00000000a1e00000, 0x00000000a1e00000| Untracked 
|  31|0x00000000a1f00000, 0x00000000a1f00000, 0x00000000a2000000|  0%| F|  |TAMS 0x00000000a1f00000, 0x00000000a1f00000| Untracked 
|  32|0x00000000a2000000, 0x00000000a2000000, 0x00000000a2100000|  0%| F|  |TAMS 0x00000000a2000000, 0x00000000a2000000| Untracked 
|  33|0x00000000a2100000, 0x00000000a2100000, 0x00000000a2200000|  0%| F|  |TAMS 0x00000000a2100000, 0x00000000a2100000| Untracked 
|  34|0x00000000a2200000, 0x00000000a2200000, 0x00000000a2300000|  0%| F|  |TAMS 0x00000000a2200000, 0x00000000a2200000| Untracked 
|  35|0x00000000a2300000, 0x00000000a2300000, 0x00000000a2400000|  0%| F|  |TAMS 0x00000000a2300000, 0x00000000a2300000| Untracked 
|  36|0x00000000a2400000, 0x00000000a2400000, 0x00000000a2500000|  0%| F|  |TAMS 0x00000000a2400000, 0x00000000a2400000| Untracked 
|  37|0x00000000a2500000, 0x00000000a2500000, 0x00000000a2600000|  0%| F|  |TAMS 0x00000000a2500000, 0x00000000a2500000| Untracked 
|  38|0x00000000a2600000, 0x00000000a2600000, 0x00000000a2700000|  0%| F|  |TAMS 0x00000000a2600000, 0x00000000a2600000| Untracked 
|  39|0x00000000a2700000, 0x00000000a2700000, 0x00000000a2800000|  0%| F|  |TAMS 0x00000000a2700000, 0x00000000a2700000| Untracked 
|  40|0x00000000a2800000, 0x00000000a2800000, 0x00000000a2900000|  0%| F|  |TAMS 0x00000000a2800000, 0x00000000a2800000| Untracked 
|  41|0x00000000a2900000, 0x00000000a2900000, 0x00000000a2a00000|  0%| F|  |TAMS 0x00000000a2900000, 0x00000000a2900000| Untracked 
|  42|0x00000000a2a00000, 0x00000000a2a00000, 0x00000000a2b00000|  0%| F|  |TAMS 0x00000000a2a00000, 0x00000000a2a00000| Untracked 
|  43|0x00000000a2b00000, 0x00000000a2b00000, 0x00000000a2c00000|  0%| F|  |TAMS 0x00000000a2b00000, 0x00000000a2b00000| Untracked 
|  44|0x00000000a2c00000, 0x00000000a2c00000, 0x00000000a2d00000|  0%| F|  |TAMS 0x00000000a2c00000, 0x00000000a2c00000| Untracked 
|  45|0x00000000a2d00000, 0x00000000a2d00000, 0x00000000a2e00000|  0%| F|  |TAMS 0x00000000a2d00000, 0x00000000a2d00000| Untracked 
|  46|0x00000000a2e00000, 0x00000000a2e00000, 0x00000000a2f00000|  0%| F|  |TAMS 0x00000000a2e00000, 0x00000000a2e00000| Untracked 
|  47|0x00000000a2f00000, 0x00000000a2f00000, 0x00000000a3000000|  0%| F|  |TAMS 0x00000000a2f00000, 0x00000000a2f00000| Untracked 
|  48|0x00000000a3000000, 0x00000000a3000000, 0x00000000a3100000|  0%| F|  |TAMS 0x00000000a3000000, 0x00000000a3000000| Untracked 
|  49|0x00000000a3100000, 0x00000000a3100000, 0x00000000a3200000|  0%| F|  |TAMS 0x00000000a3100000, 0x00000000a3100000| Untracked 
|  50|0x00000000a3200000, 0x00000000a3200000, 0x00000000a3300000|  0%| F|  |TAMS 0x00000000a3200000, 0x00000000a3200000| Untracked 
|  51|0x00000000a3300000, 0x00000000a3300000, 0x00000000a3400000|  0%| F|  |TAMS 0x00000000a3300000, 0x00000000a3300000| Untracked 
|  52|0x00000000a3400000, 0x00000000a3400000, 0x00000000a3500000|  0%| F|  |TAMS 0x00000000a3400000, 0x00000000a3400000| Untracked 
|  53|0x00000000a3500000, 0x00000000a3500000, 0x00000000a3600000|  0%| F|  |TAMS 0x00000000a3500000, 0x00000000a3500000| Untracked 
|  54|0x00000000a3600000, 0x00000000a3600000, 0x00000000a3700000|  0%| F|  |TAMS 0x00000000a3600000, 0x00000000a3600000| Untracked 
|  55|0x00000000a3700000, 0x00000000a3700000, 0x00000000a3800000|  0%| F|  |TAMS 0x00000000a3700000, 0x00000000a3700000| Untracked 
|  56|0x00000000a3800000, 0x00000000a3800000, 0x00000000a3900000|  0%| F|  |TAMS 0x00000000a3800000, 0x00000000a3800000| Untracked 
|  57|0x00000000a3900000, 0x00000000a3900000, 0x00000000a3a00000|  0%| F|  |TAMS 0x00000000a3900000, 0x00000000a3900000| Untracked 
|  58|0x00000000a3a00000, 0x00000000a3a00000, 0x00000000a3b00000|  0%| F|  |TAMS 0x00000000a3a00000, 0x00000000a3a00000| Untracked 
|  59|0x00000000a3b00000, 0x00000000a3b00000, 0x00000000a3c00000|  0%| F|  |TAMS 0x00000000a3b00000, 0x00000000a3b00000| Untracked 
|  60|0x00000000a3c00000, 0x00000000a3c00000, 0x00000000a3d00000|  0%| F|  |TAMS 0x00000000a3c00000, 0x00000000a3c00000| Untracked 
|  61|0x00000000a3d00000, 0x00000000a3d00000, 0x00000000a3e00000|  0%| F|  |TAMS 0x00000000a3d00000, 0x00000000a3d00000| Untracked 
|  62|0x00000000a3e00000, 0x00000000a3e00000, 0x00000000a3f00000|  0%| F|  |TAMS 0x00000000a3e00000, 0x00000000a3e00000| Untracked 
|  63|0x00000000a3f00000, 0x00000000a3f00000, 0x00000000a4000000|  0%| F|  |TAMS 0x00000000a3f00000, 0x00000000a3f00000| Untracked 
|  64|0x00000000a4000000, 0x00000000a4000000, 0x00000000a4100000|  0%| F|  |TAMS 0x00000000a4000000, 0x00000000a4000000| Untracked 
|  65|0x00000000a4100000, 0x00000000a4100000, 0x00000000a4200000|  0%| F|  |TAMS 0x00000000a4100000, 0x00000000a4100000| Untracked 
|  66|0x00000000a4200000, 0x00000000a4200000, 0x00000000a4300000|  0%| F|  |TAMS 0x00000000a4200000, 0x00000000a4200000| Untracked 
|  67|0x00000000a4300000, 0x00000000a4300000, 0x00000000a4400000|  0%| F|  |TAMS 0x00000000a4300000, 0x00000000a4300000| Untracked 
|  68|0x00000000a4400000, 0x00000000a4400000, 0x00000000a4500000|  0%| F|  |TAMS 0x00000000a4400000, 0x00000000a4400000| Untracked 
|  69|0x00000000a4500000, 0x00000000a4500000, 0x00000000a4600000|  0%| F|  |TAMS 0x00000000a4500000, 0x00000000a4500000| Untracked 
|  70|0x00000000a4600000, 0x00000000a4600000, 0x00000000a4700000|  0%| F|  |TAMS 0x00000000a4600000, 0x00000000a4600000| Untracked 
|  71|0x00000000a4700000, 0x00000000a4700000, 0x00000000a4800000|  0%| F|  |TAMS 0x00000000a4700000, 0x00000000a4700000| Untracked 
|  72|0x00000000a4800000, 0x00000000a4800000, 0x00000000a4900000|  0%| F|  |TAMS 0x00000000a4800000, 0x00000000a4800000| Untracked 
|  73|0x00000000a4900000, 0x00000000a4900000, 0x00000000a4a00000|  0%| F|  |TAMS 0x00000000a4900000, 0x00000000a4900000| Untracked 
|  74|0x00000000a4a00000, 0x00000000a4a00000, 0x00000000a4b00000|  0%| F|  |TAMS 0x00000000a4a00000, 0x00000000a4a00000| Untracked 
|  75|0x00000000a4b00000, 0x00000000a4b00000, 0x00000000a4c00000|  0%| F|  |TAMS 0x00000000a4b00000, 0x00000000a4b00000| Untracked 
|  76|0x00000000a4c00000, 0x00000000a4c00000, 0x00000000a4d00000|  0%| F|  |TAMS 0x00000000a4c00000, 0x00000000a4c00000| Untracked 
|  77|0x00000000a4d00000, 0x00000000a4d00000, 0x00000000a4e00000|  0%| F|  |TAMS 0x00000000a4d00000, 0x00000000a4d00000| Untracked 
|  78|0x00000000a4e00000, 0x00000000a4e00000, 0x00000000a4f00000|  0%| F|  |TAMS 0x00000000a4e00000, 0x00000000a4e00000| Untracked 
|  79|0x00000000a4f00000, 0x00000000a4f00000, 0x00000000a5000000|  0%| F|  |TAMS 0x00000000a4f00000, 0x00000000a4f00000| Untracked 
|  80|0x00000000a5000000, 0x00000000a5000000, 0x00000000a5100000|  0%| F|  |TAMS 0x00000000a5000000, 0x00000000a5000000| Untracked 
|  81|0x00000000a5100000, 0x00000000a5100000, 0x00000000a5200000|  0%| F|  |TAMS 0x00000000a5100000, 0x00000000a5100000| Untracked 
|  82|0x00000000a5200000, 0x00000000a5200000, 0x00000000a5300000|  0%| F|  |TAMS 0x00000000a5200000, 0x00000000a5200000| Untracked 
|  83|0x00000000a5300000, 0x00000000a5300000, 0x00000000a5400000|  0%| F|  |TAMS 0x00000000a5300000, 0x00000000a5300000| Untracked 
|  84|0x00000000a5400000, 0x00000000a5400000, 0x00000000a5500000|  0%| F|  |TAMS 0x00000000a5400000, 0x00000000a5400000| Untracked 
|  85|0x00000000a5500000, 0x00000000a5500000, 0x00000000a5600000|  0%| F|  |TAMS 0x00000000a5500000, 0x00000000a5500000| Untracked 
|  86|0x00000000a5600000, 0x00000000a5600000, 0x00000000a5700000|  0%| F|  |TAMS 0x00000000a5600000, 0x00000000a5600000| Untracked 
|  87|0x00000000a5700000, 0x00000000a5700000, 0x00000000a5800000|  0%| F|  |TAMS 0x00000000a5700000, 0x00000000a5700000| Untracked 
|  88|0x00000000a5800000, 0x00000000a5800000, 0x00000000a5900000|  0%| F|  |TAMS 0x00000000a5800000, 0x00000000a5800000| Untracked 
|  89|0x00000000a5900000, 0x00000000a5900000, 0x00000000a5a00000|  0%| F|  |TAMS 0x00000000a5900000, 0x00000000a5900000| Untracked 
|  90|0x00000000a5a00000, 0x00000000a5a00000, 0x00000000a5b00000|  0%| F|  |TAMS 0x00000000a5a00000, 0x00000000a5a00000| Untracked 
|  91|0x00000000a5b00000, 0x00000000a5b00000, 0x00000000a5c00000|  0%| F|  |TAMS 0x00000000a5b00000, 0x00000000a5b00000| Untracked 
|  92|0x00000000a5c00000, 0x00000000a5c00000, 0x00000000a5d00000|  0%| F|  |TAMS 0x00000000a5c00000, 0x00000000a5c00000| Untracked 
|  93|0x00000000a5d00000, 0x00000000a5d00000, 0x00000000a5e00000|  0%| F|  |TAMS 0x00000000a5d00000, 0x00000000a5d00000| Untracked 
|  94|0x00000000a5e00000, 0x00000000a5e00000, 0x00000000a5f00000|  0%| F|  |TAMS 0x00000000a5e00000, 0x00000000a5e00000| Untracked 
|  95|0x00000000a5f00000, 0x00000000a5f00000, 0x00000000a6000000|  0%| F|  |TAMS 0x00000000a5f00000, 0x00000000a5f00000| Untracked 
|  96|0x00000000a6000000, 0x00000000a6000000, 0x00000000a6100000|  0%| F|  |TAMS 0x00000000a6000000, 0x00000000a6000000| Untracked 
|  97|0x00000000a6100000, 0x00000000a6100000, 0x00000000a6200000|  0%| F|  |TAMS 0x00000000a6100000, 0x00000000a6100000| Untracked 
|  98|0x00000000a6200000, 0x00000000a6200000, 0x00000000a6300000|  0%| F|  |TAMS 0x00000000a6200000, 0x00000000a6200000| Untracked 
|  99|0x00000000a6300000, 0x00000000a6300000, 0x00000000a6400000|  0%| F|  |TAMS 0x00000000a6300000, 0x00000000a6300000| Untracked 
| 100|0x00000000a6400000, 0x00000000a6400000, 0x00000000a6500000|  0%| F|  |TAMS 0x00000000a6400000, 0x00000000a6400000| Untracked 
| 101|0x00000000a6500000, 0x00000000a6500000, 0x00000000a6600000|  0%| F|  |TAMS 0x00000000a6500000, 0x00000000a6500000| Untracked 
| 102|0x00000000a6600000, 0x00000000a6600000, 0x00000000a6700000|  0%| F|  |TAMS 0x00000000a6600000, 0x00000000a6600000| Untracked 
| 103|0x00000000a6700000, 0x00000000a6700000, 0x00000000a6800000|  0%| F|  |TAMS 0x00000000a6700000, 0x00000000a6700000| Untracked 
| 104|0x00000000a6800000, 0x00000000a6800000, 0x00000000a6900000|  0%| F|  |TAMS 0x00000000a6800000, 0x00000000a6800000| Untracked 
| 105|0x00000000a6900000, 0x00000000a6900000, 0x00000000a6a00000|  0%| F|  |TAMS 0x00000000a6900000, 0x00000000a6900000| Untracked 
| 106|0x00000000a6a00000, 0x00000000a6a00000, 0x00000000a6b00000|  0%| F|  |TAMS 0x00000000a6a00000, 0x00000000a6a00000| Untracked 
| 107|0x00000000a6b00000, 0x00000000a6b00000, 0x00000000a6c00000|  0%| F|  |TAMS 0x00000000a6b00000, 0x00000000a6b00000| Untracked 
| 108|0x00000000a6c00000, 0x00000000a6c00000, 0x00000000a6d00000|  0%| F|  |TAMS 0x00000000a6c00000, 0x00000000a6c00000| Untracked 
| 109|0x00000000a6d00000, 0x00000000a6d00000, 0x00000000a6e00000|  0%| F|  |TAMS 0x00000000a6d00000, 0x00000000a6d00000| Untracked 
| 110|0x00000000a6e00000, 0x00000000a6e00000, 0x00000000a6f00000|  0%| F|  |TAMS 0x00000000a6e00000, 0x00000000a6e00000| Untracked 
| 111|0x00000000a6f00000, 0x00000000a6f00000, 0x00000000a7000000|  0%| F|  |TAMS 0x00000000a6f00000, 0x00000000a6f00000| Untracked 
| 112|0x00000000a7000000, 0x00000000a7000000, 0x00000000a7100000|  0%| F|  |TAMS 0x00000000a7000000, 0x00000000a7000000| Untracked 
| 113|0x00000000a7100000, 0x00000000a7100000, 0x00000000a7200000|  0%| F|  |TAMS 0x00000000a7100000, 0x00000000a7100000| Untracked 
| 114|0x00000000a7200000, 0x00000000a7200000, 0x00000000a7300000|  0%| F|  |TAMS 0x00000000a7200000, 0x00000000a7200000| Untracked 
| 115|0x00000000a7300000, 0x00000000a7300000, 0x00000000a7400000|  0%| F|  |TAMS 0x00000000a7300000, 0x00000000a7300000| Untracked 
| 116|0x00000000a7400000, 0x00000000a7400000, 0x00000000a7500000|  0%| F|  |TAMS 0x00000000a7400000, 0x00000000a7400000| Untracked 
| 117|0x00000000a7500000, 0x00000000a7500000, 0x00000000a7600000|  0%| F|  |TAMS 0x00000000a7500000, 0x00000000a7500000| Untracked 
| 118|0x00000000a7600000, 0x00000000a7600000, 0x00000000a7700000|  0%| F|  |TAMS 0x00000000a7600000, 0x00000000a7600000| Untracked 
| 119|0x00000000a7700000, 0x00000000a7700000, 0x00000000a7800000|  0%| F|  |TAMS 0x00000000a7700000, 0x00000000a7700000| Untracked 
| 120|0x00000000a7800000, 0x00000000a7800000, 0x00000000a7900000|  0%| F|  |TAMS 0x00000000a7800000, 0x00000000a7800000| Untracked 
| 121|0x00000000a7900000, 0x00000000a7900000, 0x00000000a7a00000|  0%| F|  |TAMS 0x00000000a7900000, 0x00000000a7900000| Untracked 
| 122|0x00000000a7a00000, 0x00000000a7a00000, 0x00000000a7b00000|  0%| F|  |TAMS 0x00000000a7a00000, 0x00000000a7a00000| Untracked 
| 123|0x00000000a7b00000, 0x00000000a7b00000, 0x00000000a7c00000|  0%| F|  |TAMS 0x00000000a7b00000, 0x00000000a7b00000| Untracked 
| 124|0x00000000a7c00000, 0x00000000a7c00000, 0x00000000a7d00000|  0%| F|  |TAMS 0x00000000a7c00000, 0x00000000a7c00000| Untracked 
| 125|0x00000000a7d00000, 0x00000000a7d00000, 0x00000000a7e00000|  0%| F|  |TAMS 0x00000000a7d00000, 0x00000000a7d00000| Untracked 
| 126|0x00000000a7e00000, 0x00000000a7e00000, 0x00000000a7f00000|  0%| F|  |TAMS 0x00000000a7e00000, 0x00000000a7e00000| Untracked 
| 127|0x00000000a7f00000, 0x00000000a7f00000, 0x00000000a8000000|  0%| F|  |TAMS 0x00000000a7f00000, 0x00000000a7f00000| Untracked 
| 128|0x00000000a8000000, 0x00000000a8000000, 0x00000000a8100000|  0%| F|  |TAMS 0x00000000a8000000, 0x00000000a8000000| Untracked 
| 129|0x00000000a8100000, 0x00000000a8100000, 0x00000000a8200000|  0%| F|  |TAMS 0x00000000a8100000, 0x00000000a8100000| Untracked 
| 130|0x00000000a8200000, 0x00000000a8200000, 0x00000000a8300000|  0%| F|  |TAMS 0x00000000a8200000, 0x00000000a8200000| Untracked 
| 131|0x00000000a8300000, 0x00000000a8300000, 0x00000000a8400000|  0%| F|  |TAMS 0x00000000a8300000, 0x00000000a8300000| Untracked 
| 132|0x00000000a8400000, 0x00000000a8400000, 0x00000000a8500000|  0%| F|  |TAMS 0x00000000a8400000, 0x00000000a8400000| Untracked 
| 133|0x00000000a8500000, 0x00000000a8500000, 0x00000000a8600000|  0%| F|  |TAMS 0x00000000a8500000, 0x00000000a8500000| Untracked 
| 134|0x00000000a8600000, 0x00000000a8600000, 0x00000000a8700000|  0%| F|  |TAMS 0x00000000a8600000, 0x00000000a8600000| Untracked 
| 135|0x00000000a8700000, 0x00000000a8700000, 0x00000000a8800000|  0%| F|  |TAMS 0x00000000a8700000, 0x00000000a8700000| Untracked 
| 136|0x00000000a8800000, 0x00000000a8800000, 0x00000000a8900000|  0%| F|  |TAMS 0x00000000a8800000, 0x00000000a8800000| Untracked 
| 137|0x00000000a8900000, 0x00000000a8900000, 0x00000000a8a00000|  0%| F|  |TAMS 0x00000000a8900000, 0x00000000a8900000| Untracked 
| 138|0x00000000a8a00000, 0x00000000a8a00000, 0x00000000a8b00000|  0%| F|  |TAMS 0x00000000a8a00000, 0x00000000a8a00000| Untracked 
| 139|0x00000000a8b00000, 0x00000000a8b00000, 0x00000000a8c00000|  0%| F|  |TAMS 0x00000000a8b00000, 0x00000000a8b00000| Untracked 
| 140|0x00000000a8c00000, 0x00000000a8c00000, 0x00000000a8d00000|  0%| F|  |TAMS 0x00000000a8c00000, 0x00000000a8c00000| Untracked 
| 141|0x00000000a8d00000, 0x00000000a8d00000, 0x00000000a8e00000|  0%| F|  |TAMS 0x00000000a8d00000, 0x00000000a8d00000| Untracked 
| 142|0x00000000a8e00000, 0x00000000a8e00000, 0x00000000a8f00000|  0%| F|  |TAMS 0x00000000a8e00000, 0x00000000a8e00000| Untracked 
| 143|0x00000000a8f00000, 0x00000000a8f00000, 0x00000000a9000000|  0%| F|  |TAMS 0x00000000a8f00000, 0x00000000a8f00000| Untracked 
| 144|0x00000000a9000000, 0x00000000a9000000, 0x00000000a9100000|  0%| F|  |TAMS 0x00000000a9000000, 0x00000000a9000000| Untracked 
| 145|0x00000000a9100000, 0x00000000a9100000, 0x00000000a9200000|  0%| F|  |TAMS 0x00000000a9100000, 0x00000000a9100000| Untracked 
| 146|0x00000000a9200000, 0x00000000a9200000, 0x00000000a9300000|  0%| F|  |TAMS 0x00000000a9200000, 0x00000000a9200000| Untracked 
| 147|0x00000000a9300000, 0x00000000a9300000, 0x00000000a9400000|  0%| F|  |TAMS 0x00000000a9300000, 0x00000000a9300000| Untracked 
| 148|0x00000000a9400000, 0x00000000a9400000, 0x00000000a9500000|  0%| F|  |TAMS 0x00000000a9400000, 0x00000000a9400000| Untracked 
| 149|0x00000000a9500000, 0x00000000a9500000, 0x00000000a9600000|  0%| F|  |TAMS 0x00000000a9500000, 0x00000000a9500000| Untracked 
| 150|0x00000000a9600000, 0x00000000a9600000, 0x00000000a9700000|  0%| F|  |TAMS 0x00000000a9600000, 0x00000000a9600000| Untracked 
| 151|0x00000000a9700000, 0x00000000a9700000, 0x00000000a9800000|  0%| F|  |TAMS 0x00000000a9700000, 0x00000000a9700000| Untracked 
| 152|0x00000000a9800000, 0x00000000a9800000, 0x00000000a9900000|  0%| F|  |TAMS 0x00000000a9800000, 0x00000000a9800000| Untracked 
| 153|0x00000000a9900000, 0x00000000a9900000, 0x00000000a9a00000|  0%| F|  |TAMS 0x00000000a9900000, 0x00000000a9900000| Untracked 
| 154|0x00000000a9a00000, 0x00000000a9a00000, 0x00000000a9b00000|  0%| F|  |TAMS 0x00000000a9a00000, 0x00000000a9a00000| Untracked 
| 155|0x00000000a9b00000, 0x00000000a9b00000, 0x00000000a9c00000|  0%| F|  |TAMS 0x00000000a9b00000, 0x00000000a9b00000| Untracked 
| 156|0x00000000a9c00000, 0x00000000a9c00000, 0x00000000a9d00000|  0%| F|  |TAMS 0x00000000a9c00000, 0x00000000a9c00000| Untracked 
| 157|0x00000000a9d00000, 0x00000000a9d00000, 0x00000000a9e00000|  0%| F|  |TAMS 0x00000000a9d00000, 0x00000000a9d00000| Untracked 
| 158|0x00000000a9e00000, 0x00000000a9e00000, 0x00000000a9f00000|  0%| F|  |TAMS 0x00000000a9e00000, 0x00000000a9e00000| Untracked 
| 159|0x00000000a9f00000, 0x00000000a9f00000, 0x00000000aa000000|  0%| F|  |TAMS 0x00000000a9f00000, 0x00000000a9f00000| Untracked 
| 160|0x00000000aa000000, 0x00000000aa000000, 0x00000000aa100000|  0%| F|  |TAMS 0x00000000aa000000, 0x00000000aa000000| Untracked 
| 161|0x00000000aa100000, 0x00000000aa100000, 0x00000000aa200000|  0%| F|  |TAMS 0x00000000aa100000, 0x00000000aa100000| Untracked 
| 162|0x00000000aa200000, 0x00000000aa200000, 0x00000000aa300000|  0%| F|  |TAMS 0x00000000aa200000, 0x00000000aa200000| Untracked 
| 163|0x00000000aa300000, 0x00000000aa300000, 0x00000000aa400000|  0%| F|  |TAMS 0x00000000aa300000, 0x00000000aa300000| Untracked 
| 164|0x00000000aa400000, 0x00000000aa400000, 0x00000000aa500000|  0%| F|  |TAMS 0x00000000aa400000, 0x00000000aa400000| Untracked 
| 165|0x00000000aa500000, 0x00000000aa500000, 0x00000000aa600000|  0%| F|  |TAMS 0x00000000aa500000, 0x00000000aa500000| Untracked 
| 166|0x00000000aa600000, 0x00000000aa600000, 0x00000000aa700000|  0%| F|  |TAMS 0x00000000aa600000, 0x00000000aa600000| Untracked 
| 167|0x00000000aa700000, 0x00000000aa700000, 0x00000000aa800000|  0%| F|  |TAMS 0x00000000aa700000, 0x00000000aa700000| Untracked 
| 168|0x00000000aa800000, 0x00000000aa800000, 0x00000000aa900000|  0%| F|  |TAMS 0x00000000aa800000, 0x00000000aa800000| Untracked 
| 169|0x00000000aa900000, 0x00000000aa900000, 0x00000000aaa00000|  0%| F|  |TAMS 0x00000000aa900000, 0x00000000aa900000| Untracked 
| 170|0x00000000aaa00000, 0x00000000aaa00000, 0x00000000aab00000|  0%| F|  |TAMS 0x00000000aaa00000, 0x00000000aaa00000| Untracked 
| 171|0x00000000aab00000, 0x00000000aab00000, 0x00000000aac00000|  0%| F|  |TAMS 0x00000000aab00000, 0x00000000aab00000| Untracked 
| 172|0x00000000aac00000, 0x00000000aac00000, 0x00000000aad00000|  0%| F|  |TAMS 0x00000000aac00000, 0x00000000aac00000| Untracked 
| 173|0x00000000aad00000, 0x00000000aad00000, 0x00000000aae00000|  0%| F|  |TAMS 0x00000000aad00000, 0x00000000aad00000| Untracked 
| 174|0x00000000aae00000, 0x00000000aae00000, 0x00000000aaf00000|  0%| F|  |TAMS 0x00000000aae00000, 0x00000000aae00000| Untracked 
| 175|0x00000000aaf00000, 0x00000000aaf00000, 0x00000000ab000000|  0%| F|  |TAMS 0x00000000aaf00000, 0x00000000aaf00000| Untracked 
| 176|0x00000000ab000000, 0x00000000ab000000, 0x00000000ab100000|  0%| F|  |TAMS 0x00000000ab000000, 0x00000000ab000000| Untracked 
| 177|0x00000000ab100000, 0x00000000ab100000, 0x00000000ab200000|  0%| F|  |TAMS 0x00000000ab100000, 0x00000000ab100000| Untracked 
| 178|0x00000000ab200000, 0x00000000ab200000, 0x00000000ab300000|  0%| F|  |TAMS 0x00000000ab200000, 0x00000000ab200000| Untracked 
| 179|0x00000000ab300000, 0x00000000ab300000, 0x00000000ab400000|  0%| F|  |TAMS 0x00000000ab300000, 0x00000000ab300000| Untracked 
| 180|0x00000000ab400000, 0x00000000ab400000, 0x00000000ab500000|  0%| F|  |TAMS 0x00000000ab400000, 0x00000000ab400000| Untracked 
| 181|0x00000000ab500000, 0x00000000ab500000, 0x00000000ab600000|  0%| F|  |TAMS 0x00000000ab500000, 0x00000000ab500000| Untracked 
| 182|0x00000000ab600000, 0x00000000ab600000, 0x00000000ab700000|  0%| F|  |TAMS 0x00000000ab600000, 0x00000000ab600000| Untracked 
| 183|0x00000000ab700000, 0x00000000ab700000, 0x00000000ab800000|  0%| F|  |TAMS 0x00000000ab700000, 0x00000000ab700000| Untracked 
| 184|0x00000000ab800000, 0x00000000ab800000, 0x00000000ab900000|  0%| F|  |TAMS 0x00000000ab800000, 0x00000000ab800000| Untracked 
| 185|0x00000000ab900000, 0x00000000ab900000, 0x00000000aba00000|  0%| F|  |TAMS 0x00000000ab900000, 0x00000000ab900000| Untracked 
| 186|0x00000000aba00000, 0x00000000aba00000, 0x00000000abb00000|  0%| F|  |TAMS 0x00000000aba00000, 0x00000000aba00000| Untracked 
| 187|0x00000000abb00000, 0x00000000abb00000, 0x00000000abc00000|  0%| F|  |TAMS 0x00000000abb00000, 0x00000000abb00000| Untracked 
| 188|0x00000000abc00000, 0x00000000abc00000, 0x00000000abd00000|  0%| F|  |TAMS 0x00000000abc00000, 0x00000000abc00000| Untracked 
| 189|0x00000000abd00000, 0x00000000abd00000, 0x00000000abe00000|  0%| F|  |TAMS 0x00000000abd00000, 0x00000000abd00000| Untracked 
| 190|0x00000000abe00000, 0x00000000abf00000, 0x00000000abf00000|100%| E|  |TAMS 0x00000000abe00000, 0x00000000abe00000| Complete 
| 191|0x00000000abf00000, 0x00000000ac000000, 0x00000000ac000000|100%| E|CS|TAMS 0x00000000abf00000, 0x00000000abf00000| Complete 
| 192|0x00000000ac000000, 0x00000000ac100000, 0x00000000ac100000|100%| E|CS|TAMS 0x00000000ac000000, 0x00000000ac000000| Complete 
| 193|0x00000000ac100000, 0x00000000ac200000, 0x00000000ac200000|100%| E|CS|TAMS 0x00000000ac100000, 0x00000000ac100000| Complete 
| 194|0x00000000ac200000, 0x00000000ac300000, 0x00000000ac300000|100%| E|CS|TAMS 0x00000000ac200000, 0x00000000ac200000| Complete 
| 195|0x00000000ac300000, 0x00000000ac400000, 0x00000000ac400000|100%| E|CS|TAMS 0x00000000ac300000, 0x00000000ac300000| Complete 
| 196|0x00000000ac400000, 0x00000000ac500000, 0x00000000ac500000|100%| E|CS|TAMS 0x00000000ac400000, 0x00000000ac400000| Complete 
| 197|0x00000000ac500000, 0x00000000ac600000, 0x00000000ac600000|100%| E|CS|TAMS 0x00000000ac500000, 0x00000000ac500000| Complete 
| 198|0x00000000ac600000, 0x00000000ac700000, 0x00000000ac700000|100%| E|CS|TAMS 0x00000000ac600000, 0x00000000ac600000| Complete 
| 199|0x00000000ac700000, 0x00000000ac800000, 0x00000000ac800000|100%| E|CS|TAMS 0x00000000ac700000, 0x00000000ac700000| Complete 
| 200|0x00000000ac800000, 0x00000000ac900000, 0x00000000ac900000|100%| E|CS|TAMS 0x00000000ac800000, 0x00000000ac800000| Complete 
| 201|0x00000000ac900000, 0x00000000aca00000, 0x00000000aca00000|100%| E|CS|TAMS 0x00000000ac900000, 0x00000000ac900000| Complete 
| 202|0x00000000aca00000, 0x00000000acb00000, 0x00000000acb00000|100%| E|CS|TAMS 0x00000000aca00000, 0x00000000aca00000| Complete 
| 203|0x00000000acb00000, 0x00000000acc00000, 0x00000000acc00000|100%| E|CS|TAMS 0x00000000acb00000, 0x00000000acb00000| Complete 
| 204|0x00000000acc00000, 0x00000000acc459a8, 0x00000000acd00000| 27%| S|CS|TAMS 0x00000000acc00000, 0x00000000acc00000| Complete 
| 205|0x00000000acd00000, 0x00000000ace00000, 0x00000000ace00000|100%| S|CS|TAMS 0x00000000acd00000, 0x00000000acd00000| Complete 
| 206|0x00000000ace00000, 0x00000000acf00000, 0x00000000acf00000|100%| S|CS|TAMS 0x00000000ace00000, 0x00000000ace00000| Complete 
| 207|0x00000000acf00000, 0x00000000ad000000, 0x00000000ad000000|100%| E|CS|TAMS 0x00000000acf00000, 0x00000000acf00000| Complete 
| 208|0x00000000ad000000, 0x00000000ad100000, 0x00000000ad100000|100%| E|CS|TAMS 0x00000000ad000000, 0x00000000ad000000| Complete 
| 209|0x00000000ad100000, 0x00000000ad200000, 0x00000000ad200000|100%| E|CS|TAMS 0x00000000ad100000, 0x00000000ad100000| Complete 
| 210|0x00000000ad200000, 0x00000000ad300000, 0x00000000ad300000|100%| E|CS|TAMS 0x00000000ad200000, 0x00000000ad200000| Complete 
| 211|0x00000000ad300000, 0x00000000ad400000, 0x00000000ad400000|100%| E|CS|TAMS 0x00000000ad300000, 0x00000000ad300000| Complete 
| 212|0x00000000ad400000, 0x00000000ad500000, 0x00000000ad500000|100%| E|CS|TAMS 0x00000000ad400000, 0x00000000ad400000| Complete 
| 213|0x00000000ad500000, 0x00000000ad600000, 0x00000000ad600000|100%| E|CS|TAMS 0x00000000ad500000, 0x00000000ad500000| Complete 
| 214|0x00000000ad600000, 0x00000000ad700000, 0x00000000ad700000|100%| E|CS|TAMS 0x00000000ad600000, 0x00000000ad600000| Complete 
| 215|0x00000000ad700000, 0x00000000ad800000, 0x00000000ad800000|100%| E|CS|TAMS 0x00000000ad700000, 0x00000000ad700000| Complete 
| 216|0x00000000ad800000, 0x00000000ad900000, 0x00000000ad900000|100%| E|CS|TAMS 0x00000000ad800000, 0x00000000ad800000| Complete 
| 217|0x00000000ad900000, 0x00000000ada00000, 0x00000000ada00000|100%| E|CS|TAMS 0x00000000ad900000, 0x00000000ad900000| Complete 
| 218|0x00000000ada00000, 0x00000000adb00000, 0x00000000adb00000|100%| E|CS|TAMS 0x00000000ada00000, 0x00000000ada00000| Complete 
| 219|0x00000000adb00000, 0x00000000adc00000, 0x00000000adc00000|100%| E|CS|TAMS 0x00000000adb00000, 0x00000000adb00000| Complete 
| 220|0x00000000adc00000, 0x00000000add00000, 0x00000000add00000|100%| E|CS|TAMS 0x00000000adc00000, 0x00000000adc00000| Complete 
| 221|0x00000000add00000, 0x00000000ade00000, 0x00000000ade00000|100%| E|CS|TAMS 0x00000000add00000, 0x00000000add00000| Complete 
| 222|0x00000000ade00000, 0x00000000adf00000, 0x00000000adf00000|100%| E|CS|TAMS 0x00000000ade00000, 0x00000000ade00000| Complete 
| 223|0x00000000adf00000, 0x00000000ae000000, 0x00000000ae000000|100%| E|CS|TAMS 0x00000000adf00000, 0x00000000adf00000| Complete 
| 224|0x00000000ae000000, 0x00000000ae100000, 0x00000000ae100000|100%| E|CS|TAMS 0x00000000ae000000, 0x00000000ae000000| Complete 
| 225|0x00000000ae100000, 0x00000000ae200000, 0x00000000ae200000|100%| E|CS|TAMS 0x00000000ae100000, 0x00000000ae100000| Complete 
| 226|0x00000000ae200000, 0x00000000ae300000, 0x00000000ae300000|100%| E|CS|TAMS 0x00000000ae200000, 0x00000000ae200000| Complete 
| 227|0x00000000ae300000, 0x00000000ae400000, 0x00000000ae400000|100%| E|CS|TAMS 0x00000000ae300000, 0x00000000ae300000| Complete 
| 228|0x00000000ae400000, 0x00000000ae500000, 0x00000000ae500000|100%| E|CS|TAMS 0x00000000ae400000, 0x00000000ae400000| Complete 
| 229|0x00000000ae500000, 0x00000000ae600000, 0x00000000ae600000|100%| E|CS|TAMS 0x00000000ae500000, 0x00000000ae500000| Complete 
| 230|0x00000000ae600000, 0x00000000ae700000, 0x00000000ae700000|100%| E|CS|TAMS 0x00000000ae600000, 0x00000000ae600000| Complete 
| 231|0x00000000ae700000, 0x00000000ae800000, 0x00000000ae800000|100%| E|CS|TAMS 0x00000000ae700000, 0x00000000ae700000| Complete 
| 232|0x00000000ae800000, 0x00000000ae900000, 0x00000000ae900000|100%| E|CS|TAMS 0x00000000ae800000, 0x00000000ae800000| Complete 
| 233|0x00000000ae900000, 0x00000000aea00000, 0x00000000aea00000|100%| E|CS|TAMS 0x00000000ae900000, 0x00000000ae900000| Complete 
| 234|0x00000000aea00000, 0x00000000aeb00000, 0x00000000aeb00000|100%| E|CS|TAMS 0x00000000aea00000, 0x00000000aea00000| Complete 
| 235|0x00000000aeb00000, 0x00000000aec00000, 0x00000000aec00000|100%| E|CS|TAMS 0x00000000aeb00000, 0x00000000aeb00000| Complete 
| 236|0x00000000aec00000, 0x00000000aed00000, 0x00000000aed00000|100%| E|CS|TAMS 0x00000000aec00000, 0x00000000aec00000| Complete 
| 237|0x00000000aed00000, 0x00000000aee00000, 0x00000000aee00000|100%| E|CS|TAMS 0x00000000aed00000, 0x00000000aed00000| Complete 
| 238|0x00000000aee00000, 0x00000000aef00000, 0x00000000aef00000|100%| E|CS|TAMS 0x00000000aee00000, 0x00000000aee00000| Complete 
| 239|0x00000000aef00000, 0x00000000af000000, 0x00000000af000000|100%| E|CS|TAMS 0x00000000aef00000, 0x00000000aef00000| Complete 
| 240|0x00000000af000000, 0x00000000af100000, 0x00000000af100000|100%| E|CS|TAMS 0x00000000af000000, 0x00000000af000000| Complete 
| 241|0x00000000af100000, 0x00000000af200000, 0x00000000af200000|100%| E|CS|TAMS 0x00000000af100000, 0x00000000af100000| Complete 
| 242|0x00000000af200000, 0x00000000af300000, 0x00000000af300000|100%| E|CS|TAMS 0x00000000af200000, 0x00000000af200000| Complete 
| 243|0x00000000af300000, 0x00000000af400000, 0x00000000af400000|100%| E|CS|TAMS 0x00000000af300000, 0x00000000af300000| Complete 
| 244|0x00000000af400000, 0x00000000af500000, 0x00000000af500000|100%| E|CS|TAMS 0x00000000af400000, 0x00000000af400000| Complete 
| 245|0x00000000af500000, 0x00000000af600000, 0x00000000af600000|100%| E|CS|TAMS 0x00000000af500000, 0x00000000af500000| Complete 

Card table byte_map: [0x0000021569390000,0x0000021569690000] _byte_map_base: 0x0000021568e90000

Marking Bits (Prev, Next): (CMBitMap*) 0x00000215561f1ac0, (CMBitMap*) 0x00000215561f1a88
 Prev Bits: [0x000002156b190000, 0x000002156c990000)
 Next Bits: [0x0000021569990000, 0x000002156b190000)

Polling page: 0x0000021554170000

Metaspace:

Usage:
  Non-class:     29.36 MB capacity,    28.90 MB ( 98%) used,   408.83 KB (  1%) free+waste,    61.00 KB ( <1%) overhead. 
      Class:      4.52 MB capacity,     4.29 MB ( 95%) used,   212.77 KB (  5%) free+waste,    29.69 KB ( <1%) overhead. 
       Both:     33.88 MB capacity,    33.19 MB ( 98%) used,   621.60 KB (  2%) free+waste,    90.69 KB ( <1%) overhead. 

Virtual space:
  Non-class space:       30.00 MB reserved,      29.50 MB ( 98%) committed 
      Class space:        1.00 GB reserved,       4.63 MB ( <1%) committed 
             Both:        1.03 GB reserved,      34.13 MB (  3%) committed 

Chunk freelists:
   Non-Class:  16.00 KB
       Class:  7.00 KB
        Both:  23.00 KB

MaxMetaspaceSize: 17179869184.00 GB
CompressedClassSpaceSize: 1.00 GB

CodeHeap 'non-profiled nmethods': size=120000Kb used=1290Kb max_used=1290Kb free=118709Kb
 bounds [0x0000021561610000, 0x0000021561880000, 0x0000021568b40000]
CodeHeap 'profiled nmethods': size=120000Kb used=5067Kb max_used=5067Kb free=114932Kb
 bounds [0x000002155a0e0000, 0x000002155a5e0000, 0x0000021561610000]
CodeHeap 'non-nmethods': size=5760Kb used=1160Kb max_used=1224Kb free=4599Kb
 bounds [0x0000021559b40000, 0x0000021559db0000, 0x000002155a0e0000]
 total_blobs=2978 nmethods=2475 adapters=414
 compilation: enabled
              stopped_count=0, restarted_count=0
 full_count=0

Compilation events (20 events):
Event: 6.654 Thread 0x000002156fed8800 2629       3       java.lang.invoke.InvokerBytecodeGenerator::assertStaticType (58 bytes)
Event: 6.654 Thread 0x000002156fed8800 nmethod 2629 0x000002155a5c5b10 code [0x000002155a5c5d00, 0x000002155a5c61d8]
Event: 6.654 Thread 0x000002156fed8800 2630       3       java.util.Arrays$ArrayItr::next (36 bytes)
Event: 6.655 Thread 0x000002156fed8800 nmethod 2630 0x000002155a5c6410 code [0x000002155a5c65e0, 0x000002155a5c6828]
Event: 6.655 Thread 0x000002156fed8800 2631   !   3       java.util.ImmutableCollections$ListItr::next (34 bytes)
Event: 6.655 Thread 0x000002156fed8800 nmethod 2631 0x000002155a5c6990 code [0x000002155a5c6b60, 0x000002155a5c6e38]
Event: 6.656 Thread 0x000002156fed8800 2634       3       java.lang.invoke.ClassSpecializer$Factory$1Var::slotSize (8 bytes)
Event: 6.657 Thread 0x000002156fed8800 nmethod 2634 0x000002155a5c6f90 code [0x000002155a5c7140, 0x000002155a5c7318]
Event: 6.658 Thread 0x000002156fed8800 2636       3       java.lang.invoke.ClassSpecializer$SpeciesData::fieldCount (10 bytes)
Event: 6.658 Thread 0x000002156fed8800 nmethod 2636 0x000002155a5c7410 code [0x000002155a5c75c0, 0x000002155a5c7788]
Event: 6.659 Thread 0x000002156fed8800 2638       3       java.util.Arrays$ArrayItr::hasNext (18 bytes)
Event: 6.659 Thread 0x000002156fed8800 nmethod 2638 0x000002155a5c7890 code [0x000002155a5c7a40, 0x000002155a5c7bb8]
Event: 6.659 Thread 0x000002156fed8800 2639       3       jdk.internal.org.objectweb.asm.ClassWriter::addType (103 bytes)
Event: 6.659 Thread 0x000002156fed4000 2640       4       java.lang.invoke.MethodType::hashCode (53 bytes)
Event: 6.660 Thread 0x000002156fed8800 nmethod 2639 0x000002155a5c7c90 code [0x000002155a5c7ea0, 0x000002155a5c8568]
Event: 6.660 Thread 0x000002156fed8800 2641       3       java.lang.invoke.ClassSpecializer$Factory$1Var::isInHeap (13 bytes)
Event: 6.660 Thread 0x000002156fed8800 nmethod 2641 0x000002155a5c8790 code [0x000002155a5c8940, 0x000002155a5c8a98]
Event: 6.660 Thread 0x000002156fed8800 2642       3       java.lang.invoke.ClassSpecializer$Factory$1Var::emitFieldInsn (18 bytes)
Event: 6.660 Thread 0x00000215729a7800 nmethod 2619% 0x000002156174df90 code [0x000002156174e1c0, 0x000002156174e7a0]
Event: 6.660 Thread 0x000002156fed8800 nmethod 2642 0x000002155a5c8b10 code [0x000002155a5c8cc0, 0x000002155a5c8e88]

GC Heap History (6 events):
Event: 1.282 GC heap before
{Heap before GC invocations=0 (full 0):
 garbage-first heap   total 251904K, used 29696K [0x00000000a0000000, 0x0000000100000000)
  region size 1024K, 24 young (24576K), 0 survivors (0K)
 Metaspace       used 10650K, capacity 10932K, committed 11264K, reserved 1058816K
  class space    used 1128K, capacity 1200K, committed 1280K, reserved 1048576K
}
Event: 1.288 GC heap after
{Heap after GC invocations=1 (full 0):
 garbage-first heap   total 251904K, used 8811K [0x00000000a0000000, 0x0000000100000000)
  region size 1024K, 3 young (3072K), 3 survivors (3072K)
 Metaspace       used 10650K, capacity 10932K, committed 11264K, reserved 1058816K
  class space    used 1128K, capacity 1200K, committed 1280K, reserved 1048576K
}
Event: 4.766 GC heap before
{Heap before GC invocations=1 (full 0):
 garbage-first heap   total 251904K, used 92779K [0x00000000a0000000, 0x0000000100000000)
  region size 1024K, 87 young (89088K), 3 survivors (3072K)
 Metaspace       used 20594K, capacity 21095K, committed 21248K, reserved 1067008K
  class space    used 2525K, capacity 2712K, committed 2816K, reserved 1048576K
}
Event: 4.782 GC heap after
{Heap after GC invocations=2 (full 0):
 garbage-first heap   total 251904K, used 15910K [0x00000000a0000000, 0x0000000100000000)
  region size 1024K, 10 young (10240K), 10 survivors (10240K)
 Metaspace       used 20594K, capacity 21095K, committed 21248K, reserved 1067008K
  class space    used 2525K, capacity 2712K, committed 2816K, reserved 1048576K
}
Event: 5.541 GC heap before
{Heap before GC invocations=3 (full 0):
 garbage-first heap   total 251904K, used 55846K [0x00000000a0000000, 0x0000000100000000)
  region size 1024K, 49 young (50176K), 10 survivors (10240K)
 Metaspace       used 25139K, capacity 25836K, committed 26112K, reserved 1071104K
  class space    used 3250K, capacity 3464K, committed 3584K, reserved 1048576K
}
Event: 5.552 GC heap after
{Heap after GC invocations=4 (full 0):
 garbage-first heap   total 251904K, used 18213K [0x00000000a0000000, 0x0000000100000000)
  region size 1024K, 3 young (3072K), 3 survivors (3072K)
 Metaspace       used 25139K, capacity 25836K, committed 26112K, reserved 1071104K
  class space    used 3250K, capacity 3464K, committed 3584K, reserved 1048576K
}

Deoptimization events (20 events):
Event: 5.619 Thread 0x000002157191b000 DEOPT PACKING pc=0x00000215616323a4 sp=0x000000612d7fb9a0
Event: 5.619 Thread 0x000002157191b000 DEOPT UNPACKING pc=0x0000021559b674af sp=0x000000612d7fb930 mode 2
Event: 5.694 Thread 0x000002157191b000 Uncommon trap: trap_request=0xffffff4d fr.pc=0x00000215616ee94c relative=0x000000000000020c
Event: 5.694 Thread 0x000002157191b000 Uncommon trap: reason=unstable_if action=reinterpret pc=0x00000215616ee94c method=java.util.HashMap.hash(Ljava/lang/Object;)I @ 1 c2
Event: 5.694 Thread 0x000002157191b000 DEOPT PACKING pc=0x00000215616ee94c sp=0x000000612d7f8480
Event: 5.694 Thread 0x000002157191b000 DEOPT UNPACKING pc=0x0000021559b674af sp=0x000000612d7f83b8 mode 2
Event: 5.872 Thread 0x000002157191b000 Uncommon trap: trap_request=0xffffff4d fr.pc=0x0000021561669b38 relative=0x0000000000000a78
Event: 5.872 Thread 0x000002157191b000 Uncommon trap: reason=unstable_if action=reinterpret pc=0x0000021561669b38 method=java.io.WinNTFileSystem.resolve(Ljava/lang/String;Ljava/lang/String;)Ljava/lang/String; @ 83 c2
Event: 5.872 Thread 0x000002157191b000 DEOPT PACKING pc=0x0000021561669b38 sp=0x000000612d7f9ca0
Event: 5.872 Thread 0x000002157191b000 DEOPT UNPACKING pc=0x0000021559b674af sp=0x000000612d7f9c48 mode 2
Event: 6.123 Thread 0x000002157191b000 DEOPT PACKING pc=0x000002155a50becd sp=0x000000612d7f8c60
Event: 6.123 Thread 0x000002157191b000 DEOPT UNPACKING pc=0x0000021559b672ce sp=0x000000612d7f8180 mode 0
Event: 6.185 Thread 0x000002157191b000 Uncommon trap: trap_request=0xffffff4d fr.pc=0x000002156172a000 relative=0x00000000000001a0
Event: 6.185 Thread 0x000002157191b000 Uncommon trap: reason=unstable_if action=reinterpret pc=0x000002156172a000 method=java.util.regex.Pattern$BmpCharProperty.match(Ljava/util/regex/Matcher;ILjava/lang/CharSequence;)Z @ 39 c2
Event: 6.185 Thread 0x000002157191b000 DEOPT PACKING pc=0x000002156172a000 sp=0x000000612d7f9c60
Event: 6.185 Thread 0x000002157191b000 DEOPT UNPACKING pc=0x0000021559b674af sp=0x000000612d7f9c10 mode 2
Event: 6.496 Thread 0x000002157191b000 Uncommon trap: trap_request=0xffffff4d fr.pc=0x00000215616f7f48 relative=0x0000000000005368
Event: 6.497 Thread 0x000002157191b000 Uncommon trap: reason=unstable_if action=reinterpret pc=0x00000215616f7f48 method=jdk.internal.loader.BuiltinClassLoader.loadClassOrNull(Ljava/lang/String;Z)Ljava/lang/Class; @ 42 c2
Event: 6.497 Thread 0x000002157191b000 DEOPT PACKING pc=0x00000215616f7f48 sp=0x000000612d7f59d0
Event: 6.497 Thread 0x000002157191b000 DEOPT UNPACKING pc=0x0000021559b674af sp=0x000000612d7f5850 mode 2

Classes redefined (0 events):
No events

Internal exceptions (20 events):
Event: 5.360 Thread 0x000002157191b000 Exception <a 'java/lang/NoSuchMethodError'{0x00000000ad851980}: 'void java.lang.invoke.DirectMethodHandle$Holder.invokeSpecial(java.lang.Object, java.lang.Object, java.lang.Object, java.lang.Object, java.lang.Object, java.lang.Object, java.lang.Object)'> (0x00000000ad851980) thrown at [./src/hotspot/share/interpreter/linkResolver.cpp, line 773]
Event: 5.361 Thread 0x000002157191b000 Exception <a 'java/lang/NoSuchMethodError'{0x00000000ad859bc8}: 'java.lang.Object java.lang.invoke.Invokers$Holder.linkToTargetMethod(java.lang.Object, java.lang.Object, java.lang.Object, java.lang.Object, java.lang.Object, java.lang.Object)'> (0x00000000ad859bc8) thrown at [./src/hotspot/share/interpreter/linkResolver.cpp, line 773]
Event: 5.389 Thread 0x000002157191b000 Exception <a 'java/lang/NoSuchMethodError'{0x00000000ad77ca30}: 'java.lang.Object java.lang.invoke.DirectMethodHandle$Holder.invokeVirtual(java.lang.Object, java.lang.Object, java.lang.Object, java.lang.Object, java.lang.Object, java.lang.Object, java.lang.Object, java.lang.Object, java.lang.Object, java.lang.Object, java.lang.Object, java.lang.Object, java.lang.Object, java.lang.Object, java.lang.Object, java.lang.Object, java.lang.Object)'> (0x00000000ad77ca30) thrown at [./src/hotspot/share/interpreter/
Event: 5.392 Thread 0x000002157191b000 Exception <a 'java/lang/NoSuchMethodError'{0x00000000ad7ad230}: 'java.lang.Object java.lang.invoke.DirectMethodHandle$Holder.invokeSpecial(java.lang.Object, java.lang.Object, java.lang.Object, java.lang.Object, java.lang.Object, java.lang.Object, java.lang.Object, java.lang.Object, java.lang.Object)'> (0x00000000ad7ad230) thrown at [./src/hotspot/share/interpreter/linkResolver.cpp, line 773]
Event: 5.581 Thread 0x000002157191b000 Exception <a 'java/lang/NoSuchMethodError'{0x00000000af411190}: 'java.lang.Object java.lang.invoke.DirectMethodHandle$Holder.invokeStatic(java.lang.Object, java.lang.Object, java.lang.Object, int, java.lang.Object, java.lang.Object)'> (0x00000000af411190) thrown at [./src/hotspot/share/interpreter/linkResolver.cpp, line 773]
Event: 5.582 Thread 0x000002157191b000 Exception <a 'java/lang/NoSuchMethodError'{0x00000000af4184f8}: 'java.lang.Object java.lang.invoke.Invokers$Holder.linkToTargetMethod(java.lang.Object, java.lang.Object, int, java.lang.Object, java.lang.Object, java.lang.Object)'> (0x00000000af4184f8) thrown at [./src/hotspot/share/interpreter/linkResolver.cpp, line 773]
Event: 5.611 Thread 0x000002157191b000 Exception <a 'java/lang/NoSuchMethodError'{0x00000000af398cf0}: 'void java.lang.invoke.DirectMethodHandle$Holder.invokeSpecial(java.lang.Object, java.lang.Object, java.lang.Object, java.lang.Object)'> (0x00000000af398cf0) thrown at [./src/hotspot/share/interpreter/linkResolver.cpp, line 773]
Event: 5.694 Thread 0x000002157191b000 Implicit null exception at 0x00000215616ee775 to 0x00000215616ee93c
Event: 5.771 Thread 0x000002157191b000 Exception <a 'java/lang/NoSuchMethodError'{0x00000000ae80ec10}: 'java.lang.Object java.lang.invoke.DirectMethodHandle$Holder.invokeSpecialIFC(java.lang.Object, java.lang.Object, java.lang.Object, java.lang.Object)'> (0x00000000ae80ec10) thrown at [./src/hotspot/share/interpreter/linkResolver.cpp, line 773]
Event: 5.784 Thread 0x000002157191b000 Exception <a 'java/lang/NoSuchMethodError'{0x00000000ae8d8de0}: 'java.lang.Object java.lang.invoke.DirectMethodHandle$Holder.invokeSpecial(java.lang.Object, java.lang.Object, java.lang.Object, java.lang.Object, java.lang.Object, java.lang.Object, java.lang.Object, java.lang.Object, java.lang.Object, java.lang.Object, java.lang.Object, java.lang.Object, java.lang.Object)'> (0x00000000ae8d8de0) thrown at [./src/hotspot/share/interpreter/linkResolver.cpp, line 773]
Event: 5.785 Thread 0x000002157191b000 Exception <a 'java/lang/NoSuchMethodError'{0x00000000ae8ea068}: 'java.lang.Object java.lang.invoke.DirectMethodHandle$Holder.invokeSpecial(java.lang.Object, java.lang.Object, java.lang.Object, java.lang.Object, java.lang.Object, java.lang.Object, java.lang.Object, java.lang.Object, java.lang.Object, java.lang.Object, java.lang.Object, java.lang.Object)'> (0x00000000ae8ea068) thrown at [./src/hotspot/share/interpreter/linkResolver.cpp, line 773]
Event: 5.786 Thread 0x000002157191b000 Exception <a 'java/lang/NoSuchMethodError'{0x00000000ae8ef190}: 'java.lang.Object java.lang.invoke.Invokers$Holder.linkToTargetMethod(java.lang.Object, java.lang.Object, java.lang.Object, java.lang.Object, java.lang.Object, java.lang.Object, java.lang.Object, java.lang.Object, java.lang.Object, java.lang.Object, java.lang.Object)'> (0x00000000ae8ef190) thrown at [./src/hotspot/share/interpreter/linkResolver.cpp, line 773]
Event: 5.802 Thread 0x000002157191b000 Exception <a 'java/lang/NoSuchMethodError'{0x00000000ae7fb608}: 'java.lang.Object java.lang.invoke.DirectMethodHandle$Holder.invokeSpecial(java.lang.Object, java.lang.Object, java.lang.Object, java.lang.Object, java.lang.Object, java.lang.Object, java.lang.Object, java.lang.Object, java.lang.Object, java.lang.Object, java.lang.Object, java.lang.Object, java.lang.Object, java.lang.Object)'> (0x00000000ae7fb608) thrown at [./src/hotspot/share/interpreter/linkResolver.cpp, line 773]
Event: 5.803 Thread 0x000002157191b000 Exception <a 'java/lang/NoSuchMethodError'{0x00000000ae60d268}: 'java.lang.Object java.lang.invoke.Invokers$Holder.linkToTargetMethod(java.lang.Object, java.lang.Object, java.lang.Object, java.lang.Object, java.lang.Object, java.lang.Object, java.lang.Object, java.lang.Object, java.lang.Object, java.lang.Object, java.lang.Object, java.lang.Object)'> (0x00000000ae60d268) thrown at [./src/hotspot/share/interpreter/linkResolver.cpp, line 773]
Event: 5.812 Thread 0x000002157191b000 Exception <a 'java/lang/NoSuchMethodError'{0x00000000ae68ac78}: 'java.lang.Object java.lang.invoke.DirectMethodHandle$Holder.invokeStaticInit(java.lang.Object, java.lang.Object, java.lang.Object, java.lang.Object)'> (0x00000000ae68ac78) thrown at [./src/hotspot/share/interpreter/linkResolver.cpp, line 773]
Event: 6.242 Thread 0x000002157191b000 Exception <a 'java/lang/NoSuchMethodError'{0x00000000ad1fe398}: 'void java.lang.invoke.DirectMethodHandle$Holder.invokeStaticInit(java.lang.Object, java.lang.Object)'> (0x00000000ad1fe398) thrown at [./src/hotspot/share/interpreter/linkResolver.cpp, line 773]
Event: 6.652 Thread 0x000002157191b000 Exception <a 'java/lang/NoSuchMethodError'{0x00000000ac0afd18}: 'java.lang.Object java.lang.invoke.DirectMethodHandle$Holder.invokeStatic(java.lang.Object, java.lang.Object, java.lang.Object, java.lang.Object, java.lang.Object, java.lang.Object, java.lang.Object, java.lang.Object, java.lang.Object, java.lang.Object, java.lang.Object, int)'> (0x00000000ac0afd18) thrown at [./src/hotspot/share/interpreter/linkResolver.cpp, line 773]
Event: 6.655 Thread 0x000002157191b000 Exception <a 'java/lang/NoSuchMethodError'{0x00000000ac0ce6b8}: 'java.lang.Object java.lang.invoke.DirectMethodHandle$Holder.invokeStatic(java.lang.Object, java.lang.Object, java.lang.Object, java.lang.Object, java.lang.Object, java.lang.Object, java.lang.Object, java.lang.Object, java.lang.Object, java.lang.Object, java.lang.Object, int, int)'> (0x00000000ac0ce6b8) thrown at [./src/hotspot/share/interpreter/linkResolver.cpp, line 773]
Event: 6.657 Thread 0x000002157191b000 Exception <a 'java/lang/NoSuchMethodError'{0x00000000ac0edee8}: 'java.lang.Object java.lang.invoke.DirectMethodHandle$Holder.invokeStatic(java.lang.Object, java.lang.Object, java.lang.Object, java.lang.Object, java.lang.Object, java.lang.Object, java.lang.Object, java.lang.Object, java.lang.Object, java.lang.Object, java.lang.Object, int, int, java.lang.Object)'> (0x00000000ac0edee8) thrown at [./src/hotspot/share/interpreter/linkResolver.cpp, line 773]
Event: 6.660 Thread 0x000002157191b000 Exception <a 'java/lang/NoSuchMethodError'{0x00000000abf0f2e8}: 'java.lang.Object java.lang.invoke.DirectMethodHandle$Holder.invokeStatic(java.lang.Object, java.lang.Object, java.lang.Object, java.lang.Object, java.lang.Object, java.lang.Object, java.lang.Object, java.lang.Object, java.lang.Object, java.lang.Object, java.lang.Object, int, int, java.lang.Object, java.lang.Object)'> (0x00000000abf0f2e8) thrown at [./src/hotspot/share/interpreter/linkResolver.cpp, line 773]

Events (20 events):
Event: 6.643 loading class java/beans/WeakIdentityMap done
Event: 6.643 loading class java/beans/ThreadGroupContext$1 done
Event: 6.643 loading class java/beans/WeakIdentityMap$Entry
Event: 6.643 loading class java/beans/WeakIdentityMap$Entry done
Event: 6.643 loading class com/sun/beans/finder/BeanInfoFinder
Event: 6.644 loading class com/sun/beans/finder/InstanceFinder
Event: 6.644 loading class com/sun/beans/finder/InstanceFinder done
Event: 6.644 loading class com/sun/beans/finder/BeanInfoFinder done
Event: 6.644 Executing VM operation: RevokeBias
Event: 6.645 Executing VM operation: RevokeBias done
Event: 6.649 loading class java/lang/invoke/BoundMethodHandle$Species_LLLLLLLLI
Event: 6.649 loading class java/lang/invoke/BoundMethodHandle$Species_LLLLLLLLI done
Event: 6.649 loading class java/lang/invoke/ClassSpecializer$Factory$1Var
Event: 6.650 loading class java/lang/invoke/ClassSpecializer$Factory$1Var done
Event: 6.654 loading class java/lang/invoke/BoundMethodHandle$Species_LLLLLLLLII
Event: 6.654 loading class java/lang/invoke/BoundMethodHandle$Species_LLLLLLLLII done
Event: 6.656 loading class java/lang/invoke/BoundMethodHandle$Species_LLLLLLLLIIL
Event: 6.656 loading class java/lang/invoke/BoundMethodHandle$Species_LLLLLLLLIIL done
Event: 6.658 loading class java/lang/invoke/BoundMethodHandle$Species_LLLLLLLLIILL
Event: 6.658 loading class java/lang/invoke/BoundMethodHandle$Species_LLLLLLLLIILL done


Dynamic libraries:
0x00007ff7b9fe0000 - 0x00007ff7b9fea000 	C:\Program Files\Android\Android Studio\jre\bin\java.exe
0x00007ff9fdad0000 - 0x00007ff9fdcc5000 	C:\Windows\SYSTEM32\ntdll.dll
0x00007ff9fcb50000 - 0x00007ff9fcc0e000 	C:\Windows\System32\KERNEL32.DLL
0x00007ff9fb360000 - 0x00007ff9fb628000 	C:\Windows\System32\KERNELBASE.dll
0x00007ff9fb6d0000 - 0x00007ff9fb7d0000 	C:\Windows\System32\ucrtbase.dll
0x00007ff9f6b30000 - 0x00007ff9f6b47000 	C:\Program Files\Android\Android Studio\jre\bin\VCRUNTIME140.dll
0x00007ff9f6b10000 - 0x00007ff9f6b29000 	C:\Program Files\Android\Android Studio\jre\bin\jli.dll
0x00007ff9fc730000 - 0x00007ff9fc8d1000 	C:\Windows\System32\USER32.dll
0x00007ff9ebf50000 - 0x00007ff9ec1ea000 	C:\Windows\WinSxS\amd64_microsoft.windows.common-controls_6595b64144ccf1df_6.0.19041.1110_none_60b5254171f9507e\COMCTL32.dll
0x00007ff9fb240000 - 0x00007ff9fb262000 	C:\Windows\System32\win32u.dll
0x00007ff9fd080000 - 0x00007ff9fd0ab000 	C:\Windows\System32\GDI32.dll
0x00007ff9fbe40000 - 0x00007ff9fbede000 	C:\Windows\System32\msvcrt.dll
0x00007ff9fb7d0000 - 0x00007ff9fb8db000 	C:\Windows\System32\gdi32full.dll
0x00007ff9fb630000 - 0x00007ff9fb6cd000 	C:\Windows\System32\msvcp_win.dll
0x00007ff9fcfa0000 - 0x00007ff9fcfd0000 	C:\Windows\System32\IMM32.DLL
0x00007ff9f0830000 - 0x00007ff9f08cd000 	C:\Program Files\Android\Android Studio\jre\bin\msvcp140.dll
0x00007ff9913e0000 - 0x00007ff991e9c000 	C:\Program Files\Android\Android Studio\jre\bin\server\jvm.dll
0x00007ff9fc620000 - 0x00007ff9fc6cc000 	C:\Windows\System32\ADVAPI32.dll
0x00007ff9fd9f0000 - 0x00007ff9fda8b000 	C:\Windows\System32\sechost.dll
0x00007ff9fca20000 - 0x00007ff9fcb4a000 	C:\Windows\System32\RPCRT4.dll
0x00007ff9fbb20000 - 0x00007ff9fbb28000 	C:\Windows\System32\PSAPI.DLL
0x00007ff9f6930000 - 0x00007ff9f6939000 	C:\Windows\SYSTEM32\WSOCK32.dll
0x00007ff9f3370000 - 0x00007ff9f337a000 	C:\Windows\SYSTEM32\VERSION.dll
0x00007ff9f8650000 - 0x00007ff9f8677000 	C:\Windows\SYSTEM32\WINMM.dll
0x00007ff9fcf20000 - 0x00007ff9fcf8b000 	C:\Windows\System32\WS2_32.dll
0x00007ff9f9ac0000 - 0x00007ff9f9ad2000 	C:\Windows\SYSTEM32\kernel.appcore.dll
0x00007ff9f51a0000 - 0x00007ff9f51b1000 	C:\Program Files\Android\Android Studio\jre\bin\verify.dll
0x00007ff9f94f0000 - 0x00007ff9f96d4000 	C:\Windows\SYSTEM32\DBGHELP.DLL
0x00007ff9e0450000 - 0x00007ff9e047c000 	C:\Windows\SYSTEM32\dbgcore.DLL
0x00007ff9fb2d0000 - 0x00007ff9fb353000 	C:\Windows\System32\bcryptPrimitives.dll
0x00007ff9eed50000 - 0x00007ff9eed79000 	C:\Program Files\Android\Android Studio\jre\bin\java.dll
0x00007ff9f4a50000 - 0x00007ff9f4a5b000 	C:\Program Files\Android\Android Studio\jre\bin\jimage.dll
0x00007ff9f34e0000 - 0x00007ff9f34f8000 	C:\Program Files\Android\Android Studio\jre\bin\zip.dll
0x00007ff9fbee0000 - 0x00007ff9fc61f000 	C:\Windows\System32\SHELL32.dll
0x00007ff9f8c90000 - 0x00007ff9f9420000 	C:\Windows\SYSTEM32\windows.storage.dll
0x00007ff9fd600000 - 0x00007ff9fd955000 	C:\Windows\System32\combase.dll
0x00007ff9fabd0000 - 0x00007ff9fabfe000 	C:\Windows\SYSTEM32\Wldp.dll
0x00007ff9fce70000 - 0x00007ff9fcf1d000 	C:\Windows\System32\SHCORE.dll
0x00007ff9fbce0000 - 0x00007ff9fbd35000 	C:\Windows\System32\shlwapi.dll
0x00007ff9fb130000 - 0x00007ff9fb14f000 	C:\Windows\SYSTEM32\profapi.dll
0x00007ff9f24a0000 - 0x00007ff9f24ba000 	C:\Program Files\Android\Android Studio\jre\bin\net.dll
0x00007ff9ebb20000 - 0x00007ff9ebc2c000 	C:\Windows\SYSTEM32\WINHTTP.dll
0x00007ff9fa930000 - 0x00007ff9fa99a000 	C:\Windows\system32\mswsock.dll
0x00007ff9f09b0000 - 0x00007ff9f09c4000 	C:\Program Files\Android\Android Studio\jre\bin\nio.dll
0x00007ff9f51c0000 - 0x00007ff9f51e7000 	C:\Users\KABAD\.gradle\native\fdc75f09e3144964f2cf3f50f0aa648679c211496f362492102eb8c894070792\windows-amd64\native-platform.dll
0x00007ff9b85e0000 - 0x00007ff9b8776000 	C:\Users\KABAD\.gradle\native\12488b8bf47d2d4c9fbf2f6322a914ad602e24e48041cd04a747c6da556b65c4\windows-amd64\native-platform-file-events.dll
0x00007ff9f3c80000 - 0x00007ff9f3c8a000 	C:\Program Files\Android\Android Studio\jre\bin\management.dll
0x00007ff9f33f0000 - 0x00007ff9f33fc000 	C:\Program Files\Android\Android Studio\jre\bin\management_ext.dll
0x00007ff9fab20000 - 0x00007ff9fab38000 	C:\Windows\SYSTEM32\CRYPTSP.dll
0x00007ff9fa250000 - 0x00007ff9fa284000 	C:\Windows\system32\rsaenh.dll
0x00007ff9fbaf0000 - 0x00007ff9fbb17000 	C:\Windows\System32\bcrypt.dll
0x00007ff9fb0b0000 - 0x00007ff9fb0de000 	C:\Windows\SYSTEM32\USERENV.dll
0x00007ff9fab40000 - 0x00007ff9fab4c000 	C:\Windows\SYSTEM32\CRYPTBASE.dll
0x00007ff9fa620000 - 0x00007ff9fa65b000 	C:\Windows\SYSTEM32\IPHLPAPI.DLL
0x00007ff9fcf90000 - 0x00007ff9fcf98000 	C:\Windows\System32\NSI.dll
0x00007ff9f24c0000 - 0x00007ff9f24d7000 	C:\Windows\SYSTEM32\dhcpcsvc6.DLL
0x00007ff9f2810000 - 0x00007ff9f282d000 	C:\Windows\SYSTEM32\dhcpcsvc.DLL
0x00007ff9fa660000 - 0x00007ff9fa72b000 	C:\Windows\SYSTEM32\DNSAPI.dll
0x00007ff9f2ff0000 - 0x00007ff9f2ffb000 	C:\Windows\SYSTEM32\WINNSI.DLL

dbghelp: loaded successfully - version: 4.0.5 - missing functions: none
symbol engine: initialized successfully - sym options: 0x614 - pdb path: .;C:\Program Files\Android\Android Studio\jre\bin;C:\Windows\SYSTEM32;C:\Windows\WinSxS\amd64_microsoft.windows.common-controls_6595b64144ccf1df_6.0.19041.1110_none_60b5254171f9507e;C:\Program Files\Android\Android Studio\jre\bin\server;C:\Users\KABAD\.gradle\native\fdc75f09e3144964f2cf3f50f0aa648679c211496f362492102eb8c894070792\windows-amd64;C:\Users\KABAD\.gradle\native\12488b8bf47d2d4c9fbf2f6322a914ad602e24e48041cd04a747c6da556b65c4\windows-amd64

VM Arguments:
jvm_args: --add-opens=java.base/java.util=ALL-UNNAMED --add-opens=java.base/java.lang=ALL-UNNAMED --add-opens=java.base/java.lang.invoke=ALL-UNNAMED --add-opens=java.prefs/java.util.prefs=ALL-UNNAMED -Xmx1536m -Dfile.encoding=windows-1252 -Duser.country=FR -Duser.language=fr -Duser.variant 
java_command: org.gradle.launcher.daemon.bootstrap.GradleDaemon 6.7.1
java_class_path (initial): C:\Users\KABAD\.gradle\wrapper\dists\gradle-6.7.1-bin\bwlcbys1h7rz3272sye1xwiv6\gradle-6.7.1\lib\gradle-launcher-6.7.1.jar
Launcher Type: SUN_STANDARD

[Global flags]
     intx CICompilerCount                          = 4                                         {product} {ergonomic}
     uint ConcGCThreads                            = 3                                         {product} {ergonomic}
     uint G1ConcRefinementThreads                  = 10                                        {product} {ergonomic}
   size_t G1HeapRegionSize                         = 1048576                                   {product} {ergonomic}
    uintx GCDrainStackTargetSize                   = 64                                        {product} {ergonomic}
   size_t InitialHeapSize                          = 257949696                                 {product} {ergonomic}
   size_t MarkStackSize                            = 4194304                                   {product} {ergonomic}
   size_t MaxHeapSize                              = 1610612736                                {product} {command line}
   size_t MaxNewSize                               = 965738496                                 {product} {ergonomic}
   size_t MinHeapDeltaBytes                        = 1048576                                   {product} {ergonomic}
    uintx NonNMethodCodeHeapSize                   = 5836300                                {pd product} {ergonomic}
    uintx NonProfiledCodeHeapSize                  = 122910970                              {pd product} {ergonomic}
    uintx ProfiledCodeHeapSize                     = 122910970                              {pd product} {ergonomic}
    uintx ReservedCodeCacheSize                    = 251658240                              {pd product} {ergonomic}
     bool SegmentedCodeCache                       = true                                      {product} {ergonomic}
     bool UseCompressedClassPointers               = true                                 {lp64_product} {ergonomic}
     bool UseCompressedOops                        = true                                 {lp64_product} {ergonomic}
     bool UseG1GC                                  = true                                      {product} {ergonomic}
     bool UseLargePagesIndividualAllocation        = false                                  {pd product} {ergonomic}

Logging:
Log output configuration:
 #0: stdout all=warning uptime,level,tags
 #1: stderr all=off uptime,level,tags

Environment Variables:
PATH=C:\Windows\system32;C:\Windows;C:\Windows\System32\Wbem;C:\Windows\System32\WindowsPowerShell\v1.0\;C:\Windows\System32\OpenSSH\;C:\Program Files\Git\cmd;C:\Users\KABAD\AppData\Local\Microsoft\WindowsApps;
USERNAME=KABAD
OS=Windows_NT
PROCESSOR_IDENTIFIER=AMD64 Family 23 Model 96 Stepping 1, AuthenticAMD



---------------  S Y S T E M  ---------------

OS: Windows 10 , 64 bit Build 19041 (10.0.19041.1348)
OS uptime: 10 days 7:53 hours

CPU:total 12 (initial active 12) (12 cores per cpu, 2 threads per core) family 23 model 96 stepping 1, cmov, cx8, fxsr, mmx, sse, sse2, sse3, ssse3, sse4.1, sse4.2, popcnt, avx, avx2, aes, clmul, mmxext, 3dnowpref, lzcnt, sse4a, ht, tsc, tscinvbit, tscinv, bmi1, bmi2, adx, sha, fma

Memory: 4k page, system-wide physical 15741M (3100M free)
TotalPageFile size 31101M (AvailPageFile size 5M)
current process WorkingSet (physical memory assigned to process): 269M, peak: 269M
current process commit charge ("private bytes"): 448M, peak: 448M

vm_info: OpenJDK 64-Bit Server VM (11.0.8+10-b944.6842174) for windows-amd64 JRE (11.0.8+10-b944.6842174), built on Sep 19 2020 01:11:42 by "builder" with MS VC++ 14.0 (VS2015)

END.
