#
# There is insufficient memory for the Java Runtime Environment to continue.
# Native memory allocation (malloc) failed to allocate 935456 bytes for Chunk::new
# Possible reasons:
#   The system is out of physical RAM or swap space
#   The process is running with CompressedOops enabled, and the Java Heap may be blocking the growth of the native heap
# Possible solutions:
#   Reduce memory load on the system
#   Increase physical memory or swap space
#   Check if swap backing store is full
#   Decrease Java heap size (-Xmx/-Xms)
#   Decrease number of Java threads
#   Decrease Java thread stack sizes (-Xss)
#   Set larger code cache with -XX:ReservedCodeCacheSize=
#   JVM is running with Unscaled Compressed Oops mode in which the Java heap is
#     placed in the first 4GB address space. The Java Heap base address is the
#     maximum limit for the native heap growth. Please use -XX:HeapBaseMinAddress
#     to set the Java Heap base and to place the Java Heap above 4GB virtual address.
# This output file may be truncated or incomplete.
#
#  Out of Memory Error (./src/hotspot/share/memory/arena.cpp:197), pid=9728, tid=17188
#
# JRE version: OpenJDK Runtime Environment (11.0.8+10) (build 11.0.8+10-b944.6842174)
# Java VM: OpenJDK 64-Bit Server VM (11.0.8+10-b944.6842174, mixed mode, tiered, compressed oops, g1 gc, windows-amd64)
# No core dump will be written. Minidumps are not enabled by default on client versions of Windows
#

---------------  S U M M A R Y ------------

Command Line: --add-opens=java.base/java.util=ALL-UNNAMED --add-opens=java.base/java.lang=ALL-UNNAMED --add-opens=java.base/java.lang.invoke=ALL-UNNAMED --add-opens=java.prefs/java.util.prefs=ALL-UNNAMED -Xmx1536m -Dfile.encoding=windows-1252 -Duser.country=FR -Duser.language=fr -Duser.variant org.gradle.launcher.daemon.bootstrap.GradleDaemon 6.7.1

Host: AMD Ryzen 5 4600H with Radeon Graphics         , 12 cores, 15G,  Windows 10 , 64 bit Build 19041 (10.0.19041.1348)
Time: Thu Dec 16 15:29:50 2021 Paris, Madrid elapsed time: 5 seconds (0d 0h 0m 5s)

---------------  T H R E A D  ---------------

Current thread (0x000001cb20bf4000):  JavaThread "C2 CompilerThread1" daemon [_thread_in_native, id=17188, stack(0x0000006ece400000,0x0000006ece500000)]


Current CompileTask:
C2:   5605 3160       4       org.objectweb.asm.Frame::execute (2318 bytes)

Stack: [0x0000006ece400000,0x0000006ece500000]
Native frames: (J=compiled Java code, j=interpreted, Vv=VM code, C=native code)
V  [jvm.dll+0x5de50a]
V  [jvm.dll+0x7122f5]
V  [jvm.dll+0x71384d]
V  [jvm.dll+0x713f03]
V  [jvm.dll+0x23e728]
V  [jvm.dll+0xb899c]
V  [jvm.dll+0xb8e9c]
V  [jvm.dll+0x2b20e4]
V  [jvm.dll+0x502098]
V  [jvm.dll+0x1ff393]
V  [jvm.dll+0x1f917c]
V  [jvm.dll+0x1f685f]
V  [jvm.dll+0x17f32c]
V  [jvm.dll+0x205047]
V  [jvm.dll+0x203891]
V  [jvm.dll+0x6dad3f]
V  [jvm.dll+0x6d3895]
V  [jvm.dll+0x5dd4a6]
C  [ucrtbase.dll+0x21bb2]
C  [KERNEL32.DLL+0x17034]
C  [ntdll.dll+0x52651]


---------------  P R O C E S S  ---------------

Threads class SMR info:
_java_thread_list=0x000001cb24501670, length=32, elements={
0x000001cb03bc9800, 0x000001cb1d7f8000, 0x000001cb1d7f9800, 0x000001cb1e07c800,
0x000001cb1e07e000, 0x000001cb1e081000, 0x000001cb1e084000, 0x000001cb1e085000,
0x000001cb1e1f6000, 0x000001cb1e200800, 0x000001cb203e4800, 0x000001cb20e4b800,
0x000001cb1f5ce800, 0x000001cb1ff5b800, 0x000001cb1f5d8800, 0x000001cb20a30000,
0x000001cb1f37d800, 0x000001cb1f97c000, 0x000001cb202c6000, 0x000001cb204d7000,
0x000001cb202be800, 0x000001cb202bf800, 0x000001cb202c0800, 0x000001cb20bf4000,
0x000001cb202c2000, 0x000001cb202c1000, 0x000001cb202c2800, 0x000001cb20781800,
0x000001cb202c3800, 0x000001cb202be000, 0x000001cb202c4800, 0x000001cb20d8c000
}

Java Threads: ( => current thread )
  0x000001cb03bc9800 JavaThread "main" [_thread_blocked, id=6032, stack(0x0000006ecb900000,0x0000006ecba00000)]
  0x000001cb1d7f8000 JavaThread "Reference Handler" daemon [_thread_blocked, id=22436, stack(0x0000006ecc000000,0x0000006ecc100000)]
  0x000001cb1d7f9800 JavaThread "Finalizer" daemon [_thread_blocked, id=4528, stack(0x0000006ecc100000,0x0000006ecc200000)]
  0x000001cb1e07c800 JavaThread "Signal Dispatcher" daemon [_thread_blocked, id=22364, stack(0x0000006ecc200000,0x0000006ecc300000)]
  0x000001cb1e07e000 JavaThread "Attach Listener" daemon [_thread_blocked, id=16180, stack(0x0000006ecc300000,0x0000006ecc400000)]
  0x000001cb1e081000 JavaThread "C2 CompilerThread0" daemon [_thread_in_native, id=15160, stack(0x0000006ecc400000,0x0000006ecc500000)]
  0x000001cb1e084000 JavaThread "C1 CompilerThread0" daemon [_thread_blocked, id=10068, stack(0x0000006ecc500000,0x0000006ecc600000)]
  0x000001cb1e085000 JavaThread "Sweeper thread" daemon [_thread_blocked, id=13156, stack(0x0000006ecc600000,0x0000006ecc700000)]
  0x000001cb1e1f6000 JavaThread "Common-Cleaner" daemon [_thread_blocked, id=9340, stack(0x0000006ecc700000,0x0000006ecc800000)]
  0x000001cb1e200800 JavaThread "Service Thread" daemon [_thread_blocked, id=21908, stack(0x0000006ecc800000,0x0000006ecc900000)]
  0x000001cb203e4800 JavaThread "Daemon health stats" [_thread_blocked, id=18276, stack(0x0000006ecd000000,0x0000006ecd100000)]
  0x000001cb20e4b800 JavaThread "Incoming local TCP Connector on port 8509" [_thread_in_native, id=8848, stack(0x0000006ecd100000,0x0000006ecd200000)]
  0x000001cb1f5ce800 JavaThread "Daemon periodic checks" [_thread_blocked, id=16820, stack(0x0000006ecd200000,0x0000006ecd300000)]
  0x000001cb1ff5b800 JavaThread "Daemon" [_thread_blocked, id=19592, stack(0x0000006ecd300000,0x0000006ecd400000)]
  0x000001cb1f5d8800 JavaThread "Handler for socket connection from /127.0.0.1:8509 to /127.0.0.1:8510" [_thread_in_native, id=21436, stack(0x0000006ecd400000,0x0000006ecd500000)]
  0x000001cb20a30000 JavaThread "Cancel handler" [_thread_blocked, id=988, stack(0x0000006ecd500000,0x0000006ecd600000)]
  0x000001cb1f37d800 JavaThread "Daemon worker" [_thread_in_Java, id=2404, stack(0x0000006ecd600000,0x0000006ecd700000)]
  0x000001cb1f97c000 JavaThread "Asynchronous log dispatcher for DefaultDaemonConnection: socket connection from /127.0.0.1:8509 to /127.0.0.1:8510" [_thread_blocked, id=10408, stack(0x0000006ecd700000,0x0000006ecd800000)]
  0x000001cb202c6000 JavaThread "Stdin handler" [_thread_blocked, id=20608, stack(0x0000006ecd800000,0x0000006ecd900000)]
  0x000001cb204d7000 JavaThread "Thread-8" [_thread_blocked, id=14356, stack(0x0000006ecda00000,0x0000006ecdb00000)]
  0x000001cb202be800 JavaThread "Cache worker for file hash cache (C:\Users\KABAD\.gradle\caches\6.7.1\fileHashes)" [_thread_blocked, id=11348, stack(0x0000006ecdb00000,0x0000006ecdc00000)]
  0x000001cb202bf800 JavaThread "File lock request listener" [_thread_in_native, id=10224, stack(0x0000006ecdc00000,0x0000006ecdd00000)]
  0x000001cb202c0800 JavaThread "Cache worker for journal cache (C:\Users\KABAD\.gradle\caches\journal-1)" [_thread_blocked, id=20772, stack(0x0000006ece300000,0x0000006ece400000)]
=>0x000001cb20bf4000 JavaThread "C2 CompilerThread1" daemon [_thread_in_native, id=17188, stack(0x0000006ece400000,0x0000006ece500000)]
  0x000001cb202c2000 JavaThread "Cache worker for file hash cache (C:\Users\KABAD\Documents\OpenClassrooms\Android\Entrevoisins\.gradle\6.7.1\fileHashes)" [_thread_blocked, id=13896, stack(0x0000006ece500000,0x0000006ece600000)]
  0x000001cb202c1000 JavaThread "Cache worker for checksums cache (C:\Users\KABAD\Documents\OpenClassrooms\Android\Entrevoisins\.gradle\checksums)" [_thread_blocked, id=5544, stack(0x0000006ece600000,0x0000006ece700000)]
  0x000001cb202c2800 JavaThread "Cache worker for cache directory md-supplier (C:\Users\KABAD\.gradle\caches\6.7.1\md-supplier)" [_thread_blocked, id=17980, stack(0x0000006ece700000,0x0000006ece800000)]
  0x000001cb20781800 JavaThread "C2 CompilerThread2" daemon [_thread_in_native, id=10208, stack(0x0000006ece800000,0x0000006ece900000)]
  0x000001cb202c3800 JavaThread "Cache worker for cache directory md-rule (C:\Users\KABAD\.gradle\caches\6.7.1\md-rule)" [_thread_blocked, id=7932, stack(0x0000006ece900000,0x0000006ecea00000)]
  0x000001cb202be000 JavaThread "Cache worker for execution history cache (C:\Users\KABAD\.gradle\caches\6.7.1\executionHistory)" [_thread_blocked, id=16812, stack(0x0000006ecea00000,0x0000006eceb00000)]
  0x000001cb202c4800 JavaThread "jar transforms" [_thread_blocked, id=19872, stack(0x0000006eceb00000,0x0000006ecec00000)]
  0x000001cb20d8c000 JavaThread "Cache worker for file content cache (C:\Users\KABAD\.gradle\caches\6.7.1\fileContent)" [_thread_blocked, id=19060, stack(0x0000006ecec00000,0x0000006eced00000)]

Other Threads:
  0x000001cb1d7f6000 VMThread "VM Thread" [stack: 0x0000006ecbf00000,0x0000006ecc000000] [id=18484]
  0x000001cb1e201800 WatcherThread [stack: 0x0000006ecc900000,0x0000006ecca00000] [id=4272]
  0x000001cb03be1000 GCTaskThread "GC Thread#0" [stack: 0x0000006ecba00000,0x0000006ecbb00000] [id=17660]
  0x000001cb1ed13000 GCTaskThread "GC Thread#1" [stack: 0x0000006eccb00000,0x0000006eccc00000] [id=14032]
  0x000001cb1f010800 GCTaskThread "GC Thread#2" [stack: 0x0000006eccc00000,0x0000006eccd00000] [id=16504]
  0x000001cb1f011000 GCTaskThread "GC Thread#3" [stack: 0x0000006eccd00000,0x0000006ecce00000] [id=11732]
  0x000001cb1ecc3800 GCTaskThread "GC Thread#4" [stack: 0x0000006ecce00000,0x0000006eccf00000] [id=14732]
  0x000001cb204cc800 GCTaskThread "GC Thread#5" [stack: 0x0000006ecd900000,0x0000006ecda00000] [id=21828]
  0x000001cb204cc000 GCTaskThread "GC Thread#6" [stack: 0x0000006ecdd00000,0x0000006ecde00000] [id=3616]
  0x000001cb204c9000 GCTaskThread "GC Thread#7" [stack: 0x0000006ecde00000,0x0000006ecdf00000] [id=5304]
  0x000001cb204cd800 GCTaskThread "GC Thread#8" [stack: 0x0000006ecdf00000,0x0000006ece000000] [id=11344]
  0x000001cb204ce000 GCTaskThread "GC Thread#9" [stack: 0x0000006ece000000,0x0000006ece100000] [id=8948]
  0x000001cb03c07800 ConcurrentGCThread "G1 Main Marker" [stack: 0x0000006ecbb00000,0x0000006ecbc00000] [id=16592]
  0x000001cb03c0a800 ConcurrentGCThread "G1 Conc#0" [stack: 0x0000006ecbc00000,0x0000006ecbd00000] [id=20420]
  0x000001cb204cb000 ConcurrentGCThread "G1 Conc#1" [stack: 0x0000006ece100000,0x0000006ece200000] [id=6408]
  0x000001cb204ca800 ConcurrentGCThread "G1 Conc#2" [stack: 0x0000006ece200000,0x0000006ece300000] [id=15004]
  0x000001cb1d65e800 ConcurrentGCThread "G1 Refine#0" [stack: 0x0000006ecbd00000,0x0000006ecbe00000] [id=6700]
  0x000001cb1d65f800 ConcurrentGCThread "G1 Young RemSet Sampling" [stack: 0x0000006ecbe00000,0x0000006ecbf00000] [id=1584]

Threads with active compile tasks:
C2 CompilerThread0   5631 3192       4       groovy.lang.MetaClassImpl$1MOPIter::methodNameAction (325 bytes)
C2 CompilerThread1   5631 3160       4       org.objectweb.asm.Frame::execute (2318 bytes)
C2 CompilerThread2   5632 3032       4       org.codehaus.groovy.runtime.metaclass.MetaMethodIndex::addMethodToList (298 bytes)

VM state:not at safepoint (normal execution)

VM Mutex/Monitor currently owned by a thread: None

Heap address: 0x00000000a0000000, size: 1536 MB, Compressed Oops mode: 32-bit
Narrow klass base: 0x0000000000000000, Narrow klass shift: 3
Compressed class space size: 1073741824 Address: 0x0000000100000000

Heap:
 garbage-first heap   total 251904K, used 83777K [0x00000000a0000000, 0x0000000100000000)
  region size 1024K, 65 young (66560K), 6 survivors (6144K)
 Metaspace       used 40881K, capacity 41774K, committed 41984K, reserved 1085440K
  class space    used 5231K, capacity 5536K, committed 5632K, reserved 1048576K
Heap Regions: E=young(eden), S=young(survivor), O=old, HS=humongous(starts), HC=humongous(continues), CS=collection set, F=free, A=archive, TAMS=top-at-mark-start (previous, next)
|   0|0x00000000a0000000, 0x00000000a0100000, 0x00000000a0100000|100%| O|  |TAMS 0x00000000a0100000, 0x00000000a0000000| Untracked 
|   1|0x00000000a0100000, 0x00000000a0200000, 0x00000000a0200000|100%| O|  |TAMS 0x00000000a0200000, 0x00000000a0100000| Untracked 
|   2|0x00000000a0200000, 0x00000000a0300000, 0x00000000a0300000|100%| O|  |TAMS 0x00000000a0300000, 0x00000000a0200000| Untracked 
|   3|0x00000000a0300000, 0x00000000a0400000, 0x00000000a0400000|100%|HS|  |TAMS 0x00000000a0400000, 0x00000000a0300000| Complete 
|   4|0x00000000a0400000, 0x00000000a0500000, 0x00000000a0500000|100%|HC|  |TAMS 0x00000000a0500000, 0x00000000a0400000| Complete 
|   5|0x00000000a0500000, 0x00000000a0600000, 0x00000000a0600000|100%|HC|  |TAMS 0x00000000a0600000, 0x00000000a0500000| Complete 
|   6|0x00000000a0600000, 0x00000000a0700000, 0x00000000a0700000|100%| O|  |TAMS 0x00000000a0700000, 0x00000000a0600000| Untracked 
|   7|0x00000000a0700000, 0x00000000a0800000, 0x00000000a0800000|100%| O|  |TAMS 0x00000000a0800000, 0x00000000a0700000| Untracked 
|   8|0x00000000a0800000, 0x00000000a0900000, 0x00000000a0900000|100%| O|  |TAMS 0x00000000a0900000, 0x00000000a0800000| Untracked 
|   9|0x00000000a0900000, 0x00000000a0a00000, 0x00000000a0a00000|100%| O|  |TAMS 0x00000000a0a00000, 0x00000000a0900000| Untracked 
|  10|0x00000000a0a00000, 0x00000000a0b00000, 0x00000000a0b00000|100%| O|  |TAMS 0x00000000a0b00000, 0x00000000a0a00000| Untracked 
|  11|0x00000000a0b00000, 0x00000000a0c00000, 0x00000000a0c00000|100%| O|  |TAMS 0x00000000a0c00000, 0x00000000a0b00000| Untracked 
|  12|0x00000000a0c00000, 0x00000000a0d00000, 0x00000000a0d00000|100%| O|  |TAMS 0x00000000a0d00000, 0x00000000a0c00000| Untracked 
|  13|0x00000000a0d00000, 0x00000000a0e00000, 0x00000000a0e00000|100%| O|  |TAMS 0x00000000a0e00000, 0x00000000a0d00000| Untracked 
|  14|0x00000000a0e00000, 0x00000000a0f00000, 0x00000000a0f00000|100%| O|  |TAMS 0x00000000a0f00000, 0x00000000a0e00000| Untracked 
|  15|0x00000000a0f00000, 0x00000000a0f56e00, 0x00000000a1000000| 33%| O|  |TAMS 0x00000000a0f56e00, 0x00000000a0f00000| Untracked 
|  16|0x00000000a1000000, 0x00000000a1100000, 0x00000000a1100000|100%|HS|  |TAMS 0x00000000a1000000, 0x00000000a1000000| Complete 
|  17|0x00000000a1100000, 0x00000000a1200000, 0x00000000a1200000|100%|HS|  |TAMS 0x00000000a1100000, 0x00000000a1100000| Complete 
|  18|0x00000000a1200000, 0x00000000a1300000, 0x00000000a1300000|100%|HC|  |TAMS 0x00000000a1200000, 0x00000000a1200000| Complete 
|  19|0x00000000a1300000, 0x00000000a1400000, 0x00000000a1400000|100%|HS|  |TAMS 0x00000000a1300000, 0x00000000a1300000| Complete 
|  20|0x00000000a1400000, 0x00000000a1400000, 0x00000000a1500000|  0%| F|  |TAMS 0x00000000a1400000, 0x00000000a1400000| Untracked 
|  21|0x00000000a1500000, 0x00000000a1500000, 0x00000000a1600000|  0%| F|  |TAMS 0x00000000a1500000, 0x00000000a1500000| Untracked 
|  22|0x00000000a1600000, 0x00000000a1600000, 0x00000000a1700000|  0%| F|  |TAMS 0x00000000a1600000, 0x00000000a1600000| Untracked 
|  23|0x00000000a1700000, 0x00000000a1700000, 0x00000000a1800000|  0%| F|  |TAMS 0x00000000a1700000, 0x00000000a1700000| Untracked 
|  24|0x00000000a1800000, 0x00000000a1800000, 0x00000000a1900000|  0%| F|  |TAMS 0x00000000a1800000, 0x00000000a1800000| Untracked 
|  25|0x00000000a1900000, 0x00000000a1900000, 0x00000000a1a00000|  0%| F|  |TAMS 0x00000000a1900000, 0x00000000a1900000| Untracked 
|  26|0x00000000a1a00000, 0x00000000a1a00000, 0x00000000a1b00000|  0%| F|  |TAMS 0x00000000a1a00000, 0x00000000a1a00000| Untracked 
|  27|0x00000000a1b00000, 0x00000000a1b00000, 0x00000000a1c00000|  0%| F|  |TAMS 0x00000000a1b00000, 0x00000000a1b00000| Untracked 
|  28|0x00000000a1c00000, 0x00000000a1c00000, 0x00000000a1d00000|  0%| F|  |TAMS 0x00000000a1c00000, 0x00000000a1c00000| Untracked 
|  29|0x00000000a1d00000, 0x00000000a1d00000, 0x00000000a1e00000|  0%| F|  |TAMS 0x00000000a1d00000, 0x00000000a1d00000| Untracked 
|  30|0x00000000a1e00000, 0x00000000a1e00000, 0x00000000a1f00000|  0%| F|  |TAMS 0x00000000a1e00000, 0x00000000a1e00000| Untracked 
|  31|0x00000000a1f00000, 0x00000000a1f00000, 0x00000000a2000000|  0%| F|  |TAMS 0x00000000a1f00000, 0x00000000a1f00000| Untracked 
|  32|0x00000000a2000000, 0x00000000a2000000, 0x00000000a2100000|  0%| F|  |TAMS 0x00000000a2000000, 0x00000000a2000000| Untracked 
|  33|0x00000000a2100000, 0x00000000a2100000, 0x00000000a2200000|  0%| F|  |TAMS 0x00000000a2100000, 0x00000000a2100000| Untracked 
|  34|0x00000000a2200000, 0x00000000a2200000, 0x00000000a2300000|  0%| F|  |TAMS 0x00000000a2200000, 0x00000000a2200000| Untracked 
|  35|0x00000000a2300000, 0x00000000a2300000, 0x00000000a2400000|  0%| F|  |TAMS 0x00000000a2300000, 0x00000000a2300000| Untracked 
|  36|0x00000000a2400000, 0x00000000a2400000, 0x00000000a2500000|  0%| F|  |TAMS 0x00000000a2400000, 0x00000000a2400000| Untracked 
|  37|0x00000000a2500000, 0x00000000a2500000, 0x00000000a2600000|  0%| F|  |TAMS 0x00000000a2500000, 0x00000000a2500000| Untracked 
|  38|0x00000000a2600000, 0x00000000a2600000, 0x00000000a2700000|  0%| F|  |TAMS 0x00000000a2600000, 0x00000000a2600000| Untracked 
|  39|0x00000000a2700000, 0x00000000a2700000, 0x00000000a2800000|  0%| F|  |TAMS 0x00000000a2700000, 0x00000000a2700000| Untracked 
|  40|0x00000000a2800000, 0x00000000a2800000, 0x00000000a2900000|  0%| F|  |TAMS 0x00000000a2800000, 0x00000000a2800000| Untracked 
|  41|0x00000000a2900000, 0x00000000a2900000, 0x00000000a2a00000|  0%| F|  |TAMS 0x00000000a2900000, 0x00000000a2900000| Untracked 
|  42|0x00000000a2a00000, 0x00000000a2a00000, 0x00000000a2b00000|  0%| F|  |TAMS 0x00000000a2a00000, 0x00000000a2a00000| Untracked 
|  43|0x00000000a2b00000, 0x00000000a2b00000, 0x00000000a2c00000|  0%| F|  |TAMS 0x00000000a2b00000, 0x00000000a2b00000| Untracked 
|  44|0x00000000a2c00000, 0x00000000a2c00000, 0x00000000a2d00000|  0%| F|  |TAMS 0x00000000a2c00000, 0x00000000a2c00000| Untracked 
|  45|0x00000000a2d00000, 0x00000000a2d00000, 0x00000000a2e00000|  0%| F|  |TAMS 0x00000000a2d00000, 0x00000000a2d00000| Untracked 
|  46|0x00000000a2e00000, 0x00000000a2e00000, 0x00000000a2f00000|  0%| F|  |TAMS 0x00000000a2e00000, 0x00000000a2e00000| Untracked 
|  47|0x00000000a2f00000, 0x00000000a2f00000, 0x00000000a3000000|  0%| F|  |TAMS 0x00000000a2f00000, 0x00000000a2f00000| Untracked 
|  48|0x00000000a3000000, 0x00000000a3000000, 0x00000000a3100000|  0%| F|  |TAMS 0x00000000a3000000, 0x00000000a3000000| Untracked 
|  49|0x00000000a3100000, 0x00000000a3100000, 0x00000000a3200000|  0%| F|  |TAMS 0x00000000a3100000, 0x00000000a3100000| Untracked 
|  50|0x00000000a3200000, 0x00000000a3200000, 0x00000000a3300000|  0%| F|  |TAMS 0x00000000a3200000, 0x00000000a3200000| Untracked 
|  51|0x00000000a3300000, 0x00000000a3300000, 0x00000000a3400000|  0%| F|  |TAMS 0x00000000a3300000, 0x00000000a3300000| Untracked 
|  52|0x00000000a3400000, 0x00000000a3400000, 0x00000000a3500000|  0%| F|  |TAMS 0x00000000a3400000, 0x00000000a3400000| Untracked 
|  53|0x00000000a3500000, 0x00000000a3500000, 0x00000000a3600000|  0%| F|  |TAMS 0x00000000a3500000, 0x00000000a3500000| Untracked 
|  54|0x00000000a3600000, 0x00000000a3600000, 0x00000000a3700000|  0%| F|  |TAMS 0x00000000a3600000, 0x00000000a3600000| Untracked 
|  55|0x00000000a3700000, 0x00000000a3700000, 0x00000000a3800000|  0%| F|  |TAMS 0x00000000a3700000, 0x00000000a3700000| Untracked 
|  56|0x00000000a3800000, 0x00000000a3800000, 0x00000000a3900000|  0%| F|  |TAMS 0x00000000a3800000, 0x00000000a3800000| Untracked 
|  57|0x00000000a3900000, 0x00000000a3900000, 0x00000000a3a00000|  0%| F|  |TAMS 0x00000000a3900000, 0x00000000a3900000| Untracked 
|  58|0x00000000a3a00000, 0x00000000a3a00000, 0x00000000a3b00000|  0%| F|  |TAMS 0x00000000a3a00000, 0x00000000a3a00000| Untracked 
|  59|0x00000000a3b00000, 0x00000000a3b00000, 0x00000000a3c00000|  0%| F|  |TAMS 0x00000000a3b00000, 0x00000000a3b00000| Untracked 
|  60|0x00000000a3c00000, 0x00000000a3c00000, 0x00000000a3d00000|  0%| F|  |TAMS 0x00000000a3c00000, 0x00000000a3c00000| Untracked 
|  61|0x00000000a3d00000, 0x00000000a3d00000, 0x00000000a3e00000|  0%| F|  |TAMS 0x00000000a3d00000, 0x00000000a3d00000| Untracked 
|  62|0x00000000a3e00000, 0x00000000a3e00000, 0x00000000a3f00000|  0%| F|  |TAMS 0x00000000a3e00000, 0x00000000a3e00000| Untracked 
|  63|0x00000000a3f00000, 0x00000000a3f00000, 0x00000000a4000000|  0%| F|  |TAMS 0x00000000a3f00000, 0x00000000a3f00000| Untracked 
|  64|0x00000000a4000000, 0x00000000a4000000, 0x00000000a4100000|  0%| F|  |TAMS 0x00000000a4000000, 0x00000000a4000000| Untracked 
|  65|0x00000000a4100000, 0x00000000a4100000, 0x00000000a4200000|  0%| F|  |TAMS 0x00000000a4100000, 0x00000000a4100000| Untracked 
|  66|0x00000000a4200000, 0x00000000a4200000, 0x00000000a4300000|  0%| F|  |TAMS 0x00000000a4200000, 0x00000000a4200000| Untracked 
|  67|0x00000000a4300000, 0x00000000a4300000, 0x00000000a4400000|  0%| F|  |TAMS 0x00000000a4300000, 0x00000000a4300000| Untracked 
|  68|0x00000000a4400000, 0x00000000a4400000, 0x00000000a4500000|  0%| F|  |TAMS 0x00000000a4400000, 0x00000000a4400000| Untracked 
|  69|0x00000000a4500000, 0x00000000a4500000, 0x00000000a4600000|  0%| F|  |TAMS 0x00000000a4500000, 0x00000000a4500000| Untracked 
|  70|0x00000000a4600000, 0x00000000a4600000, 0x00000000a4700000|  0%| F|  |TAMS 0x00000000a4600000, 0x00000000a4600000| Untracked 
|  71|0x00000000a4700000, 0x00000000a4700000, 0x00000000a4800000|  0%| F|  |TAMS 0x00000000a4700000, 0x00000000a4700000| Untracked 
|  72|0x00000000a4800000, 0x00000000a4800000, 0x00000000a4900000|  0%| F|  |TAMS 0x00000000a4800000, 0x00000000a4800000| Untracked 
|  73|0x00000000a4900000, 0x00000000a4900000, 0x00000000a4a00000|  0%| F|  |TAMS 0x00000000a4900000, 0x00000000a4900000| Untracked 
|  74|0x00000000a4a00000, 0x00000000a4a00000, 0x00000000a4b00000|  0%| F|  |TAMS 0x00000000a4a00000, 0x00000000a4a00000| Untracked 
|  75|0x00000000a4b00000, 0x00000000a4b00000, 0x00000000a4c00000|  0%| F|  |TAMS 0x00000000a4b00000, 0x00000000a4b00000| Untracked 
|  76|0x00000000a4c00000, 0x00000000a4c00000, 0x00000000a4d00000|  0%| F|  |TAMS 0x00000000a4c00000, 0x00000000a4c00000| Untracked 
|  77|0x00000000a4d00000, 0x00000000a4d00000, 0x00000000a4e00000|  0%| F|  |TAMS 0x00000000a4d00000, 0x00000000a4d00000| Untracked 
|  78|0x00000000a4e00000, 0x00000000a4e00000, 0x00000000a4f00000|  0%| F|  |TAMS 0x00000000a4e00000, 0x00000000a4e00000| Untracked 
|  79|0x00000000a4f00000, 0x00000000a4f00000, 0x00000000a5000000|  0%| F|  |TAMS 0x00000000a4f00000, 0x00000000a4f00000| Untracked 
|  80|0x00000000a5000000, 0x00000000a5000000, 0x00000000a5100000|  0%| F|  |TAMS 0x00000000a5000000, 0x00000000a5000000| Untracked 
|  81|0x00000000a5100000, 0x00000000a5100000, 0x00000000a5200000|  0%| F|  |TAMS 0x00000000a5100000, 0x00000000a5100000| Untracked 
|  82|0x00000000a5200000, 0x00000000a5200000, 0x00000000a5300000|  0%| F|  |TAMS 0x00000000a5200000, 0x00000000a5200000| Untracked 
|  83|0x00000000a5300000, 0x00000000a5300000, 0x00000000a5400000|  0%| F|  |TAMS 0x00000000a5300000, 0x00000000a5300000| Untracked 
|  84|0x00000000a5400000, 0x00000000a5400000, 0x00000000a5500000|  0%| F|  |TAMS 0x00000000a5400000, 0x00000000a5400000| Untracked 
|  85|0x00000000a5500000, 0x00000000a5500000, 0x00000000a5600000|  0%| F|  |TAMS 0x00000000a5500000, 0x00000000a5500000| Untracked 
|  86|0x00000000a5600000, 0x00000000a5600000, 0x00000000a5700000|  0%| F|  |TAMS 0x00000000a5600000, 0x00000000a5600000| Untracked 
|  87|0x00000000a5700000, 0x00000000a5700000, 0x00000000a5800000|  0%| F|  |TAMS 0x00000000a5700000, 0x00000000a5700000| Untracked 
|  88|0x00000000a5800000, 0x00000000a5800000, 0x00000000a5900000|  0%| F|  |TAMS 0x00000000a5800000, 0x00000000a5800000| Untracked 
|  89|0x00000000a5900000, 0x00000000a5900000, 0x00000000a5a00000|  0%| F|  |TAMS 0x00000000a5900000, 0x00000000a5900000| Untracked 
|  90|0x00000000a5a00000, 0x00000000a5a00000, 0x00000000a5b00000|  0%| F|  |TAMS 0x00000000a5a00000, 0x00000000a5a00000| Untracked 
|  91|0x00000000a5b00000, 0x00000000a5b00000, 0x00000000a5c00000|  0%| F|  |TAMS 0x00000000a5b00000, 0x00000000a5b00000| Untracked 
|  92|0x00000000a5c00000, 0x00000000a5c00000, 0x00000000a5d00000|  0%| F|  |TAMS 0x00000000a5c00000, 0x00000000a5c00000| Untracked 
|  93|0x00000000a5d00000, 0x00000000a5d00000, 0x00000000a5e00000|  0%| F|  |TAMS 0x00000000a5d00000, 0x00000000a5d00000| Untracked 
|  94|0x00000000a5e00000, 0x00000000a5e00000, 0x00000000a5f00000|  0%| F|  |TAMS 0x00000000a5e00000, 0x00000000a5e00000| Untracked 
|  95|0x00000000a5f00000, 0x00000000a5f00000, 0x00000000a6000000|  0%| F|  |TAMS 0x00000000a5f00000, 0x00000000a5f00000| Untracked 
|  96|0x00000000a6000000, 0x00000000a6000000, 0x00000000a6100000|  0%| F|  |TAMS 0x00000000a6000000, 0x00000000a6000000| Untracked 
|  97|0x00000000a6100000, 0x00000000a6100000, 0x00000000a6200000|  0%| F|  |TAMS 0x00000000a6100000, 0x00000000a6100000| Untracked 
|  98|0x00000000a6200000, 0x00000000a6200000, 0x00000000a6300000|  0%| F|  |TAMS 0x00000000a6200000, 0x00000000a6200000| Untracked 
|  99|0x00000000a6300000, 0x00000000a6300000, 0x00000000a6400000|  0%| F|  |TAMS 0x00000000a6300000, 0x00000000a6300000| Untracked 
| 100|0x00000000a6400000, 0x00000000a6400000, 0x00000000a6500000|  0%| F|  |TAMS 0x00000000a6400000, 0x00000000a6400000| Untracked 
| 101|0x00000000a6500000, 0x00000000a6500000, 0x00000000a6600000|  0%| F|  |TAMS 0x00000000a6500000, 0x00000000a6500000| Untracked 
| 102|0x00000000a6600000, 0x00000000a6600000, 0x00000000a6700000|  0%| F|  |TAMS 0x00000000a6600000, 0x00000000a6600000| Untracked 
| 103|0x00000000a6700000, 0x00000000a6700000, 0x00000000a6800000|  0%| F|  |TAMS 0x00000000a6700000, 0x00000000a6700000| Untracked 
| 104|0x00000000a6800000, 0x00000000a6800000, 0x00000000a6900000|  0%| F|  |TAMS 0x00000000a6800000, 0x00000000a6800000| Untracked 
| 105|0x00000000a6900000, 0x00000000a6900000, 0x00000000a6a00000|  0%| F|  |TAMS 0x00000000a6900000, 0x00000000a6900000| Untracked 
| 106|0x00000000a6a00000, 0x00000000a6a00000, 0x00000000a6b00000|  0%| F|  |TAMS 0x00000000a6a00000, 0x00000000a6a00000| Untracked 
| 107|0x00000000a6b00000, 0x00000000a6b00000, 0x00000000a6c00000|  0%| F|  |TAMS 0x00000000a6b00000, 0x00000000a6b00000| Untracked 
| 108|0x00000000a6c00000, 0x00000000a6c00000, 0x00000000a6d00000|  0%| F|  |TAMS 0x00000000a6c00000, 0x00000000a6c00000| Untracked 
| 109|0x00000000a6d00000, 0x00000000a6d00000, 0x00000000a6e00000|  0%| F|  |TAMS 0x00000000a6d00000, 0x00000000a6d00000| Untracked 
| 110|0x00000000a6e00000, 0x00000000a6e00000, 0x00000000a6f00000|  0%| F|  |TAMS 0x00000000a6e00000, 0x00000000a6e00000| Untracked 
| 111|0x00000000a6f00000, 0x00000000a6f00000, 0x00000000a7000000|  0%| F|  |TAMS 0x00000000a6f00000, 0x00000000a6f00000| Untracked 
| 112|0x00000000a7000000, 0x00000000a7000000, 0x00000000a7100000|  0%| F|  |TAMS 0x00000000a7000000, 0x00000000a7000000| Untracked 
| 113|0x00000000a7100000, 0x00000000a7100000, 0x00000000a7200000|  0%| F|  |TAMS 0x00000000a7100000, 0x00000000a7100000| Untracked 
| 114|0x00000000a7200000, 0x00000000a7200000, 0x00000000a7300000|  0%| F|  |TAMS 0x00000000a7200000, 0x00000000a7200000| Untracked 
| 115|0x00000000a7300000, 0x00000000a7300000, 0x00000000a7400000|  0%| F|  |TAMS 0x00000000a7300000, 0x00000000a7300000| Untracked 
| 116|0x00000000a7400000, 0x00000000a7400000, 0x00000000a7500000|  0%| F|  |TAMS 0x00000000a7400000, 0x00000000a7400000| Untracked 
| 117|0x00000000a7500000, 0x00000000a7500000, 0x00000000a7600000|  0%| F|  |TAMS 0x00000000a7500000, 0x00000000a7500000| Untracked 
| 118|0x00000000a7600000, 0x00000000a7600000, 0x00000000a7700000|  0%| F|  |TAMS 0x00000000a7600000, 0x00000000a7600000| Untracked 
| 119|0x00000000a7700000, 0x00000000a7700000, 0x00000000a7800000|  0%| F|  |TAMS 0x00000000a7700000, 0x00000000a7700000| Untracked 
| 120|0x00000000a7800000, 0x00000000a7800000, 0x00000000a7900000|  0%| F|  |TAMS 0x00000000a7800000, 0x00000000a7800000| Untracked 
| 121|0x00000000a7900000, 0x00000000a7900000, 0x00000000a7a00000|  0%| F|  |TAMS 0x00000000a7900000, 0x00000000a7900000| Untracked 
| 122|0x00000000a7a00000, 0x00000000a7a00000, 0x00000000a7b00000|  0%| F|  |TAMS 0x00000000a7a00000, 0x00000000a7a00000| Untracked 
| 123|0x00000000a7b00000, 0x00000000a7b00000, 0x00000000a7c00000|  0%| F|  |TAMS 0x00000000a7b00000, 0x00000000a7b00000| Untracked 
| 124|0x00000000a7c00000, 0x00000000a7c00000, 0x00000000a7d00000|  0%| F|  |TAMS 0x00000000a7c00000, 0x00000000a7c00000| Untracked 
| 125|0x00000000a7d00000, 0x00000000a7d00000, 0x00000000a7e00000|  0%| F|  |TAMS 0x00000000a7d00000, 0x00000000a7d00000| Untracked 
| 126|0x00000000a7e00000, 0x00000000a7e00000, 0x00000000a7f00000|  0%| F|  |TAMS 0x00000000a7e00000, 0x00000000a7e00000| Untracked 
| 127|0x00000000a7f00000, 0x00000000a7f00000, 0x00000000a8000000|  0%| F|  |TAMS 0x00000000a7f00000, 0x00000000a7f00000| Untracked 
| 128|0x00000000a8000000, 0x00000000a8000000, 0x00000000a8100000|  0%| F|  |TAMS 0x00000000a8000000, 0x00000000a8000000| Untracked 
| 129|0x00000000a8100000, 0x00000000a8100000, 0x00000000a8200000|  0%| F|  |TAMS 0x00000000a8100000, 0x00000000a8100000| Untracked 
| 130|0x00000000a8200000, 0x00000000a8200000, 0x00000000a8300000|  0%| F|  |TAMS 0x00000000a8200000, 0x00000000a8200000| Untracked 
| 131|0x00000000a8300000, 0x00000000a8300000, 0x00000000a8400000|  0%| F|  |TAMS 0x00000000a8300000, 0x00000000a8300000| Untracked 
| 132|0x00000000a8400000, 0x00000000a8400000, 0x00000000a8500000|  0%| F|  |TAMS 0x00000000a8400000, 0x00000000a8400000| Untracked 
| 133|0x00000000a8500000, 0x00000000a8500000, 0x00000000a8600000|  0%| F|  |TAMS 0x00000000a8500000, 0x00000000a8500000| Untracked 
| 134|0x00000000a8600000, 0x00000000a8600000, 0x00000000a8700000|  0%| F|  |TAMS 0x00000000a8600000, 0x00000000a8600000| Untracked 
| 135|0x00000000a8700000, 0x00000000a8700000, 0x00000000a8800000|  0%| F|  |TAMS 0x00000000a8700000, 0x00000000a8700000| Untracked 
| 136|0x00000000a8800000, 0x00000000a8800000, 0x00000000a8900000|  0%| F|  |TAMS 0x00000000a8800000, 0x00000000a8800000| Untracked 
| 137|0x00000000a8900000, 0x00000000a8900000, 0x00000000a8a00000|  0%| F|  |TAMS 0x00000000a8900000, 0x00000000a8900000| Untracked 
| 138|0x00000000a8a00000, 0x00000000a8a00000, 0x00000000a8b00000|  0%| F|  |TAMS 0x00000000a8a00000, 0x00000000a8a00000| Untracked 
| 139|0x00000000a8b00000, 0x00000000a8b00000, 0x00000000a8c00000|  0%| F|  |TAMS 0x00000000a8b00000, 0x00000000a8b00000| Untracked 
| 140|0x00000000a8c00000, 0x00000000a8c00000, 0x00000000a8d00000|  0%| F|  |TAMS 0x00000000a8c00000, 0x00000000a8c00000| Untracked 
| 141|0x00000000a8d00000, 0x00000000a8d00000, 0x00000000a8e00000|  0%| F|  |TAMS 0x00000000a8d00000, 0x00000000a8d00000| Untracked 
| 142|0x00000000a8e00000, 0x00000000a8e00000, 0x00000000a8f00000|  0%| F|  |TAMS 0x00000000a8e00000, 0x00000000a8e00000| Untracked 
| 143|0x00000000a8f00000, 0x00000000a8f00000, 0x00000000a9000000|  0%| F|  |TAMS 0x00000000a8f00000, 0x00000000a8f00000| Untracked 
| 144|0x00000000a9000000, 0x00000000a9000000, 0x00000000a9100000|  0%| F|  |TAMS 0x00000000a9000000, 0x00000000a9000000| Untracked 
| 145|0x00000000a9100000, 0x00000000a9100000, 0x00000000a9200000|  0%| F|  |TAMS 0x00000000a9100000, 0x00000000a9100000| Untracked 
| 146|0x00000000a9200000, 0x00000000a9200000, 0x00000000a9300000|  0%| F|  |TAMS 0x00000000a9200000, 0x00000000a9200000| Untracked 
| 147|0x00000000a9300000, 0x00000000a9300000, 0x00000000a9400000|  0%| F|  |TAMS 0x00000000a9300000, 0x00000000a9300000| Untracked 
| 148|0x00000000a9400000, 0x00000000a9400000, 0x00000000a9500000|  0%| F|  |TAMS 0x00000000a9400000, 0x00000000a9400000| Untracked 
| 149|0x00000000a9500000, 0x00000000a9500000, 0x00000000a9600000|  0%| F|  |TAMS 0x00000000a9500000, 0x00000000a9500000| Untracked 
| 150|0x00000000a9600000, 0x00000000a9600000, 0x00000000a9700000|  0%| F|  |TAMS 0x00000000a9600000, 0x00000000a9600000| Untracked 
| 151|0x00000000a9700000, 0x00000000a9700000, 0x00000000a9800000|  0%| F|  |TAMS 0x00000000a9700000, 0x00000000a9700000| Untracked 
| 152|0x00000000a9800000, 0x00000000a9800000, 0x00000000a9900000|  0%| F|  |TAMS 0x00000000a9800000, 0x00000000a9800000| Untracked 
| 153|0x00000000a9900000, 0x00000000a9900000, 0x00000000a9a00000|  0%| F|  |TAMS 0x00000000a9900000, 0x00000000a9900000| Untracked 
| 154|0x00000000a9a00000, 0x00000000a9a00000, 0x00000000a9b00000|  0%| F|  |TAMS 0x00000000a9a00000, 0x00000000a9a00000| Untracked 
| 155|0x00000000a9b00000, 0x00000000a9b00000, 0x00000000a9c00000|  0%| F|  |TAMS 0x00000000a9b00000, 0x00000000a9b00000| Untracked 
| 156|0x00000000a9c00000, 0x00000000a9c00000, 0x00000000a9d00000|  0%| F|  |TAMS 0x00000000a9c00000, 0x00000000a9c00000| Untracked 
| 157|0x00000000a9d00000, 0x00000000a9d00000, 0x00000000a9e00000|  0%| F|  |TAMS 0x00000000a9d00000, 0x00000000a9d00000| Untracked 
| 158|0x00000000a9e00000, 0x00000000a9e00000, 0x00000000a9f00000|  0%| F|  |TAMS 0x00000000a9e00000, 0x00000000a9e00000| Untracked 
| 159|0x00000000a9f00000, 0x00000000a9f00000, 0x00000000aa000000|  0%| F|  |TAMS 0x00000000a9f00000, 0x00000000a9f00000| Untracked 
| 160|0x00000000aa000000, 0x00000000aa000000, 0x00000000aa100000|  0%| F|  |TAMS 0x00000000aa000000, 0x00000000aa000000| Untracked 
| 161|0x00000000aa100000, 0x00000000aa100000, 0x00000000aa200000|  0%| F|  |TAMS 0x00000000aa100000, 0x00000000aa100000| Untracked 
| 162|0x00000000aa200000, 0x00000000aa200000, 0x00000000aa300000|  0%| F|  |TAMS 0x00000000aa200000, 0x00000000aa200000| Untracked 
| 163|0x00000000aa300000, 0x00000000aa300000, 0x00000000aa400000|  0%| F|  |TAMS 0x00000000aa300000, 0x00000000aa300000| Untracked 
| 164|0x00000000aa400000, 0x00000000aa400000, 0x00000000aa500000|  0%| F|  |TAMS 0x00000000aa400000, 0x00000000aa400000| Untracked 
| 165|0x00000000aa500000, 0x00000000aa500000, 0x00000000aa600000|  0%| F|  |TAMS 0x00000000aa500000, 0x00000000aa500000| Untracked 
| 166|0x00000000aa600000, 0x00000000aa600000, 0x00000000aa700000|  0%| F|  |TAMS 0x00000000aa600000, 0x00000000aa600000| Untracked 
| 167|0x00000000aa700000, 0x00000000aa700000, 0x00000000aa800000|  0%| F|  |TAMS 0x00000000aa700000, 0x00000000aa700000| Untracked 
| 168|0x00000000aa800000, 0x00000000aa800000, 0x00000000aa900000|  0%| F|  |TAMS 0x00000000aa800000, 0x00000000aa800000| Untracked 
| 169|0x00000000aa900000, 0x00000000aa900000, 0x00000000aaa00000|  0%| F|  |TAMS 0x00000000aa900000, 0x00000000aa900000| Untracked 
| 170|0x00000000aaa00000, 0x00000000aaa00000, 0x00000000aab00000|  0%| F|  |TAMS 0x00000000aaa00000, 0x00000000aaa00000| Untracked 
| 171|0x00000000aab00000, 0x00000000aab00000, 0x00000000aac00000|  0%| F|  |TAMS 0x00000000aab00000, 0x00000000aab00000| Untracked 
| 172|0x00000000aac00000, 0x00000000aac00000, 0x00000000aad00000|  0%| F|  |TAMS 0x00000000aac00000, 0x00000000aac00000| Untracked 
| 173|0x00000000aad00000, 0x00000000aad00000, 0x00000000aae00000|  0%| F|  |TAMS 0x00000000aad00000, 0x00000000aad00000| Untracked 
| 174|0x00000000aae00000, 0x00000000aae00000, 0x00000000aaf00000|  0%| F|  |TAMS 0x00000000aae00000, 0x00000000aae00000| Untracked 
| 175|0x00000000aaf00000, 0x00000000aaf00000, 0x00000000ab000000|  0%| F|  |TAMS 0x00000000aaf00000, 0x00000000aaf00000| Untracked 
| 176|0x00000000ab000000, 0x00000000ab000000, 0x00000000ab100000|  0%| F|  |TAMS 0x00000000ab000000, 0x00000000ab000000| Untracked 
| 177|0x00000000ab100000, 0x00000000ab100000, 0x00000000ab200000|  0%| F|  |TAMS 0x00000000ab100000, 0x00000000ab100000| Untracked 
| 178|0x00000000ab200000, 0x00000000ab200000, 0x00000000ab300000|  0%| F|  |TAMS 0x00000000ab200000, 0x00000000ab200000| Untracked 
| 179|0x00000000ab300000, 0x00000000ab300000, 0x00000000ab400000|  0%| F|  |TAMS 0x00000000ab300000, 0x00000000ab300000| Untracked 
| 180|0x00000000ab400000, 0x00000000ab400000, 0x00000000ab500000|  0%| F|  |TAMS 0x00000000ab400000, 0x00000000ab400000| Untracked 
| 181|0x00000000ab500000, 0x00000000ab600000, 0x00000000ab600000|100%| E|CS|TAMS 0x00000000ab500000, 0x00000000ab500000| Complete 
| 182|0x00000000ab600000, 0x00000000ab700000, 0x00000000ab700000|100%| E|CS|TAMS 0x00000000ab600000, 0x00000000ab600000| Complete 
| 183|0x00000000ab700000, 0x00000000ab800000, 0x00000000ab800000|100%| E|CS|TAMS 0x00000000ab700000, 0x00000000ab700000| Complete 
| 184|0x00000000ab800000, 0x00000000ab900000, 0x00000000ab900000|100%| E|CS|TAMS 0x00000000ab800000, 0x00000000ab800000| Complete 
| 185|0x00000000ab900000, 0x00000000aba00000, 0x00000000aba00000|100%| E|CS|TAMS 0x00000000ab900000, 0x00000000ab900000| Complete 
| 186|0x00000000aba00000, 0x00000000abb00000, 0x00000000abb00000|100%| E|CS|TAMS 0x00000000aba00000, 0x00000000aba00000| Complete 
| 187|0x00000000abb00000, 0x00000000abc00000, 0x00000000abc00000|100%| E|CS|TAMS 0x00000000abb00000, 0x00000000abb00000| Complete 
| 188|0x00000000abc00000, 0x00000000abd00000, 0x00000000abd00000|100%| E|CS|TAMS 0x00000000abc00000, 0x00000000abc00000| Complete 
| 189|0x00000000abd00000, 0x00000000abe00000, 0x00000000abe00000|100%| E|CS|TAMS 0x00000000abd00000, 0x00000000abd00000| Complete 
| 190|0x00000000abe00000, 0x00000000abf00000, 0x00000000abf00000|100%| E|CS|TAMS 0x00000000abe00000, 0x00000000abe00000| Complete 
| 191|0x00000000abf00000, 0x00000000ac000000, 0x00000000ac000000|100%| E|CS|TAMS 0x00000000abf00000, 0x00000000abf00000| Complete 
| 192|0x00000000ac000000, 0x00000000ac100000, 0x00000000ac100000|100%| E|CS|TAMS 0x00000000ac000000, 0x00000000ac000000| Complete 
| 193|0x00000000ac100000, 0x00000000ac200000, 0x00000000ac200000|100%| E|CS|TAMS 0x00000000ac100000, 0x00000000ac100000| Complete 
| 194|0x00000000ac200000, 0x00000000ac300000, 0x00000000ac300000|100%| E|CS|TAMS 0x00000000ac200000, 0x00000000ac200000| Complete 
| 195|0x00000000ac300000, 0x00000000ac400000, 0x00000000ac400000|100%| E|CS|TAMS 0x00000000ac300000, 0x00000000ac300000| Complete 
| 196|0x00000000ac400000, 0x00000000ac500000, 0x00000000ac500000|100%| E|CS|TAMS 0x00000000ac400000, 0x00000000ac400000| Complete 
| 197|0x00000000ac500000, 0x00000000ac600000, 0x00000000ac600000|100%| E|CS|TAMS 0x00000000ac500000, 0x00000000ac500000| Complete 
| 198|0x00000000ac600000, 0x00000000ac700000, 0x00000000ac700000|100%| E|CS|TAMS 0x00000000ac600000, 0x00000000ac600000| Complete 
| 199|0x00000000ac700000, 0x00000000ac800000, 0x00000000ac800000|100%| E|CS|TAMS 0x00000000ac700000, 0x00000000ac700000| Complete 
| 200|0x00000000ac800000, 0x00000000ac900000, 0x00000000ac900000|100%| E|CS|TAMS 0x00000000ac800000, 0x00000000ac800000| Complete 
| 201|0x00000000ac900000, 0x00000000aca00000, 0x00000000aca00000|100%| E|CS|TAMS 0x00000000ac900000, 0x00000000ac900000| Complete 
| 202|0x00000000aca00000, 0x00000000acb00000, 0x00000000acb00000|100%| E|CS|TAMS 0x00000000aca00000, 0x00000000aca00000| Complete 
| 203|0x00000000acb00000, 0x00000000acc00000, 0x00000000acc00000|100%| E|CS|TAMS 0x00000000acb00000, 0x00000000acb00000| Complete 
| 204|0x00000000acc00000, 0x00000000acd00000, 0x00000000acd00000|100%| E|CS|TAMS 0x00000000acc00000, 0x00000000acc00000| Complete 
| 205|0x00000000acd00000, 0x00000000ace00000, 0x00000000ace00000|100%| E|CS|TAMS 0x00000000acd00000, 0x00000000acd00000| Complete 
| 206|0x00000000ace00000, 0x00000000acf00000, 0x00000000acf00000|100%| E|CS|TAMS 0x00000000ace00000, 0x00000000ace00000| Complete 
| 207|0x00000000acf00000, 0x00000000ad000000, 0x00000000ad000000|100%| E|CS|TAMS 0x00000000acf00000, 0x00000000acf00000| Complete 
| 208|0x00000000ad000000, 0x00000000ad100000, 0x00000000ad100000|100%| E|CS|TAMS 0x00000000ad000000, 0x00000000ad000000| Complete 
| 209|0x00000000ad100000, 0x00000000ad200000, 0x00000000ad200000|100%| E|  |TAMS 0x00000000ad100000, 0x00000000ad100000| Complete 
| 210|0x00000000ad200000, 0x00000000ad300000, 0x00000000ad300000|100%| E|CS|TAMS 0x00000000ad200000, 0x00000000ad200000| Complete 
| 211|0x00000000ad300000, 0x00000000ad400000, 0x00000000ad400000|100%| E|CS|TAMS 0x00000000ad300000, 0x00000000ad300000| Complete 
| 212|0x00000000ad400000, 0x00000000ad500000, 0x00000000ad500000|100%| E|CS|TAMS 0x00000000ad400000, 0x00000000ad400000| Complete 
| 213|0x00000000ad500000, 0x00000000ad600000, 0x00000000ad600000|100%| E|CS|TAMS 0x00000000ad500000, 0x00000000ad500000| Complete 
| 214|0x00000000ad600000, 0x00000000ad700000, 0x00000000ad700000|100%| E|CS|TAMS 0x00000000ad600000, 0x00000000ad600000| Complete 
| 215|0x00000000ad700000, 0x00000000ad800000, 0x00000000ad800000|100%| E|CS|TAMS 0x00000000ad700000, 0x00000000ad700000| Complete 
| 216|0x00000000ad800000, 0x00000000ad900000, 0x00000000ad900000|100%| E|CS|TAMS 0x00000000ad800000, 0x00000000ad800000| Complete 
| 217|0x00000000ad900000, 0x00000000ada00000, 0x00000000ada00000|100%| E|CS|TAMS 0x00000000ad900000, 0x00000000ad900000| Complete 
| 218|0x00000000ada00000, 0x00000000adb00000, 0x00000000adb00000|100%| E|CS|TAMS 0x00000000ada00000, 0x00000000ada00000| Complete 
| 219|0x00000000adb00000, 0x00000000adc00000, 0x00000000adc00000|100%| E|CS|TAMS 0x00000000adb00000, 0x00000000adb00000| Complete 
| 220|0x00000000adc00000, 0x00000000add00000, 0x00000000add00000|100%| E|CS|TAMS 0x00000000adc00000, 0x00000000adc00000| Complete 
| 221|0x00000000add00000, 0x00000000ade00000, 0x00000000ade00000|100%| E|CS|TAMS 0x00000000add00000, 0x00000000add00000| Complete 
| 222|0x00000000ade00000, 0x00000000adf00000, 0x00000000adf00000|100%| E|CS|TAMS 0x00000000ade00000, 0x00000000ade00000| Complete 
| 223|0x00000000adf00000, 0x00000000ae000000, 0x00000000ae000000|100%| E|CS|TAMS 0x00000000adf00000, 0x00000000adf00000| Complete 
| 224|0x00000000ae000000, 0x00000000ae100000, 0x00000000ae100000|100%| E|CS|TAMS 0x00000000ae000000, 0x00000000ae000000| Complete 
| 225|0x00000000ae100000, 0x00000000ae200000, 0x00000000ae200000|100%| E|CS|TAMS 0x00000000ae100000, 0x00000000ae100000| Complete 
| 226|0x00000000ae200000, 0x00000000ae300000, 0x00000000ae300000|100%| E|CS|TAMS 0x00000000ae200000, 0x00000000ae200000| Complete 
| 227|0x00000000ae300000, 0x00000000ae400000, 0x00000000ae400000|100%| E|CS|TAMS 0x00000000ae300000, 0x00000000ae300000| Complete 
| 228|0x00000000ae400000, 0x00000000ae500000, 0x00000000ae500000|100%| E|CS|TAMS 0x00000000ae400000, 0x00000000ae400000| Complete 
| 229|0x00000000ae500000, 0x00000000ae600000, 0x00000000ae600000|100%| E|CS|TAMS 0x00000000ae500000, 0x00000000ae500000| Complete 
| 230|0x00000000ae600000, 0x00000000ae700000, 0x00000000ae700000|100%| E|CS|TAMS 0x00000000ae600000, 0x00000000ae600000| Complete 
| 231|0x00000000ae700000, 0x00000000ae800000, 0x00000000ae800000|100%| E|CS|TAMS 0x00000000ae700000, 0x00000000ae700000| Complete 
| 232|0x00000000ae800000, 0x00000000ae900000, 0x00000000ae900000|100%| E|CS|TAMS 0x00000000ae800000, 0x00000000ae800000| Complete 
| 233|0x00000000ae900000, 0x00000000aea00000, 0x00000000aea00000|100%| E|CS|TAMS 0x00000000ae900000, 0x00000000ae900000| Complete 
| 234|0x00000000aea00000, 0x00000000aeb00000, 0x00000000aeb00000|100%| E|CS|TAMS 0x00000000aea00000, 0x00000000aea00000| Complete 
| 235|0x00000000aeb00000, 0x00000000aec00000, 0x00000000aec00000|100%| E|CS|TAMS 0x00000000aeb00000, 0x00000000aeb00000| Complete 
| 236|0x00000000aec00000, 0x00000000aec797f0, 0x00000000aed00000| 47%| S|CS|TAMS 0x00000000aec00000, 0x00000000aec00000| Complete 
| 237|0x00000000aed00000, 0x00000000aee00000, 0x00000000aee00000|100%| S|CS|TAMS 0x00000000aed00000, 0x00000000aed00000| Complete 
| 238|0x00000000aee00000, 0x00000000aef00000, 0x00000000aef00000|100%| S|CS|TAMS 0x00000000aee00000, 0x00000000aee00000| Complete 
| 239|0x00000000aef00000, 0x00000000af000000, 0x00000000af000000|100%| S|CS|TAMS 0x00000000aef00000, 0x00000000aef00000| Complete 
| 240|0x00000000af000000, 0x00000000af100000, 0x00000000af100000|100%| S|CS|TAMS 0x00000000af000000, 0x00000000af000000| Complete 
| 241|0x00000000af100000, 0x00000000af200000, 0x00000000af200000|100%| S|CS|TAMS 0x00000000af100000, 0x00000000af100000| Complete 
| 242|0x00000000af200000, 0x00000000af300000, 0x00000000af300000|100%| E|CS|TAMS 0x00000000af200000, 0x00000000af200000| Complete 
| 243|0x00000000af300000, 0x00000000af400000, 0x00000000af400000|100%| E|CS|TAMS 0x00000000af300000, 0x00000000af300000| Complete 
| 244|0x00000000af400000, 0x00000000af500000, 0x00000000af500000|100%| E|CS|TAMS 0x00000000af400000, 0x00000000af400000| Complete 
| 245|0x00000000af500000, 0x00000000af600000, 0x00000000af600000|100%| E|CS|TAMS 0x00000000af500000, 0x00000000af500000| Complete 

Card table byte_map: [0x000001cb174f0000,0x000001cb177f0000] _byte_map_base: 0x000001cb16ff0000

Marking Bits (Prev, Next): (CMBitMap*) 0x000001cb03c00858, (CMBitMap*) 0x000001cb03c00890
 Prev Bits: [0x000001cb17af0000, 0x000001cb192f0000)
 Next Bits: [0x000001cb192f0000, 0x000001cb1aaf0000)

Polling page: 0x000001cb020d0000

Metaspace:

Usage:
  Non-class:     35.39 MB capacity,    34.85 MB ( 98%) used,   475.81 KB (  1%) free+waste,    77.88 KB ( <1%) overhead. 
      Class:      5.41 MB capacity,     5.12 MB ( 95%) used,   259.80 KB (  5%) free+waste,    37.31 KB ( <1%) overhead. 
       Both:     40.79 MB capacity,    39.96 MB ( 98%) used,   735.62 KB (  2%) free+waste,   115.19 KB ( <1%) overhead. 

Virtual space:
  Non-class space:       36.00 MB reserved,      35.50 MB ( 99%) committed 
      Class space:        1.00 GB reserved,       5.50 MB ( <1%) committed 
             Both:        1.04 GB reserved,      41.00 MB (  4%) committed 

Chunk freelists:
   Non-Class:  50.00 KB
       Class:  0 bytes
        Both:  50.00 KB

MaxMetaspaceSize: 17179869184.00 GB
CompressedClassSpaceSize: 1.00 GB

CodeHeap 'non-profiled nmethods': size=120000Kb used=1610Kb max_used=1610Kb free=118389Kb
 bounds [0x000001cb0f020000, 0x000001cb0f290000, 0x000001cb16550000]
CodeHeap 'profiled nmethods': size=120000Kb used=6248Kb max_used=6248Kb free=113751Kb
 bounds [0x000001cb07af0000, 0x000001cb08110000, 0x000001cb0f020000]
CodeHeap 'non-nmethods': size=5760Kb used=2179Kb max_used=2218Kb free=3580Kb
 bounds [0x000001cb07550000, 0x000001cb077c0000, 0x000001cb07af0000]
 total_blobs=3743 nmethods=3001 adapters=653
 compilation: enabled
              stopped_count=0, restarted_count=0
 full_count=0

Compilation events (20 events):
Event: 5.590 Thread 0x000001cb1e084000 3195       3       java.beans.Introspector::addPropertyDescriptor (265 bytes)
Event: 5.593 Thread 0x000001cb1e084000 nmethod 3195 0x000001cb080ff290 code [0x000001cb080ff920, 0x000001cb08104338]
Event: 5.593 Thread 0x000001cb1e084000 3196       3       java.beans.FeatureDescriptor::setTransient (30 bytes)
Event: 5.594 Thread 0x000001cb1e084000 nmethod 3196 0x000001cb08105610 code [0x000001cb08105860, 0x000001cb08106138]
Event: 5.594 Thread 0x000001cb1e084000 3197       3       org.codehaus.groovy.reflection.CachedClass::getMethods (11 bytes)
Event: 5.594 Thread 0x000001cb1e084000 nmethod 3197 0x000001cb08106390 code [0x000001cb08106560, 0x000001cb08106808]
Event: 5.595 Thread 0x000001cb1e081000 nmethod 3187 0x000001cb0f1b1e10 code [0x000001cb0f1b1fe0, 0x000001cb0f1b23d8]
Event: 5.595 Thread 0x000001cb1e081000 3192       4       groovy.lang.MetaClassImpl$1MOPIter::methodNameAction (325 bytes)
Event: 5.595 Thread 0x000001cb1e084000 3198       1       org.gradle.internal.instantiation.generator.AbstractClassGenerator$PropertyMetadata::field (6 bytes)
Event: 5.595 Thread 0x000001cb1e084000 nmethod 3198 0x000001cb0f1b2890 code [0x000001cb0f1b2a40, 0x000001cb0f1b2b38]
Event: 5.596 Thread 0x000001cb1e084000 3199       3       sun.reflect.annotation.AnnotationParser$1::run (5 bytes)
Event: 5.596 Thread 0x000001cb1e084000 nmethod 3199 0x000001cb08106910 code [0x000001cb08106ac0, 0x000001cb08106c08]
Event: 5.596 Thread 0x000001cb1e084000 3200       3       sun.reflect.annotation.AnnotationParser$1::run (40 bytes)
Event: 5.597 Thread 0x000001cb1e084000 nmethod 3200 0x000001cb08106c90 code [0x000001cb08106f40, 0x000001cb08107e18]
Event: 5.597 Thread 0x000001cb1e084000 3201       3       org.gradle.internal.instantiation.generator.AbstractClassGenerator::access$1400 (5 bytes)
Event: 5.597 Thread 0x000001cb1e084000 nmethod 3201 0x000001cb08108290 code [0x000001cb08108440, 0x000001cb08108548]
Event: 5.597 Thread 0x000001cb1e084000 3202       3       org.gradle.internal.instantiation.generator.AbstractClassGenerator::isLazyAttachProperty (46 bytes)
Event: 5.598 Thread 0x000001cb1e084000 nmethod 3202 0x000001cb08108610 code [0x000001cb08108880, 0x000001cb08109298]
Event: 5.598 Thread 0x000001cb1e084000 3203       3       org.objectweb.asm.Type::getSize (86 bytes)
Event: 5.599 Thread 0x000001cb1e084000 nmethod 3203 0x000001cb08109610 code [0x000001cb081097e0, 0x000001cb08109b48]

GC Heap History (10 events):
Event: 0.891 GC heap before
{Heap before GC invocations=0 (full 0):
 garbage-first heap   total 251904K, used 29696K [0x00000000a0000000, 0x0000000100000000)
  region size 1024K, 24 young (24576K), 0 survivors (0K)
 Metaspace       used 10645K, capacity 10932K, committed 11264K, reserved 1058816K
  class space    used 1128K, capacity 1200K, committed 1280K, reserved 1048576K
}
Event: 0.895 GC heap after
{Heap after GC invocations=1 (full 0):
 garbage-first heap   total 251904K, used 8885K [0x00000000a0000000, 0x0000000100000000)
  region size 1024K, 3 young (3072K), 3 survivors (3072K)
 Metaspace       used 10645K, capacity 10932K, committed 11264K, reserved 1058816K
  class space    used 1128K, capacity 1200K, committed 1280K, reserved 1048576K
}
Event: 3.289 GC heap before
{Heap before GC invocations=1 (full 0):
 garbage-first heap   total 251904K, used 92853K [0x00000000a0000000, 0x0000000100000000)
  region size 1024K, 87 young (89088K), 3 survivors (3072K)
 Metaspace       used 20589K, capacity 21095K, committed 21248K, reserved 1067008K
  class space    used 2525K, capacity 2712K, committed 2816K, reserved 1048576K
}
Event: 3.304 GC heap after
{Heap after GC invocations=2 (full 0):
 garbage-first heap   total 251904K, used 15644K [0x00000000a0000000, 0x0000000100000000)
  region size 1024K, 10 young (10240K), 10 survivors (10240K)
 Metaspace       used 20589K, capacity 21095K, committed 21248K, reserved 1067008K
  class space    used 2525K, capacity 2712K, committed 2816K, reserved 1048576K
}
Event: 3.516 GC heap before
{Heap before GC invocations=3 (full 0):
 garbage-first heap   total 251904K, used 28956K [0x00000000a0000000, 0x0000000100000000)
  region size 1024K, 23 young (23552K), 10 survivors (10240K)
 Metaspace       used 21796K, capacity 22390K, committed 22528K, reserved 1069056K
  class space    used 2758K, capacity 2974K, committed 3072K, reserved 1048576K
}
Event: 3.522 GC heap after
{Heap after GC invocations=4 (full 0):
 garbage-first heap   total 251904K, used 16731K [0x00000000a0000000, 0x0000000100000000)
  region size 1024K, 1 young (1024K), 1 survivors (1024K)
 Metaspace       used 21796K, capacity 22390K, committed 22528K, reserved 1069056K
  class space    used 2758K, capacity 2974K, committed 3072K, reserved 1048576K
}
Event: 4.836 GC heap before
{Heap before GC invocations=4 (full 0):
 garbage-first heap   total 251904K, used 101723K [0x00000000a0000000, 0x0000000100000000)
  region size 1024K, 84 young (86016K), 1 survivors (1024K)
 Metaspace       used 34581K, capacity 35341K, committed 35584K, reserved 1079296K
  class space    used 4495K, capacity 4785K, committed 4864K, reserved 1048576K
}
Event: 4.842 GC heap after
{Heap after GC invocations=5 (full 0):
 garbage-first heap   total 251904K, used 20792K [0x00000000a0000000, 0x0000000100000000)
  region size 1024K, 5 young (5120K), 5 survivors (5120K)
 Metaspace       used 34581K, capacity 35341K, committed 35584K, reserved 1079296K
  class space    used 4495K, capacity 4785K, committed 4864K, reserved 1048576K
}
Event: 4.898 GC heap before
{Heap before GC invocations=5 (full 0):
 garbage-first heap   total 251904K, used 23864K [0x00000000a0000000, 0x0000000100000000)
  region size 1024K, 9 young (9216K), 5 survivors (5120K)
 Metaspace       used 35070K, capacity 35809K, committed 35840K, reserved 1081344K
  class space    used 4567K, capacity 4856K, committed 4864K, reserved 1048576K
}
Event: 4.907 GC heap after
{Heap after GC invocations=6 (full 0):
 garbage-first heap   total 251904K, used 21313K [0x00000000a0000000, 0x0000000100000000)
  region size 1024K, 6 young (6144K), 6 survivors (6144K)
 Metaspace       used 35070K, capacity 35809K, committed 35840K, reserved 1081344K
  class space    used 4567K, capacity 4856K, committed 4864K, reserved 1048576K
}

Deoptimization events (20 events):
Event: 5.232 Thread 0x000001cb1f37d800 DEOPT PACKING pc=0x000001cb0f052e94 sp=0x0000006ecd6f9180
Event: 5.232 Thread 0x000001cb1f37d800 DEOPT UNPACKING pc=0x000001cb075774af sp=0x0000006ecd6f90c0 mode 2
Event: 5.232 Thread 0x000001cb1f37d800 Uncommon trap: trap_request=0xffffff4d fr.pc=0x000001cb0f13e154 relative=0x00000000000006d4
Event: 5.232 Thread 0x000001cb1f37d800 Uncommon trap: reason=unstable_if action=reinterpret pc=0x000001cb0f13e154 method=java.util.HashMap.putVal(ILjava/lang/Object;Ljava/lang/Object;ZZ)Ljava/lang/Object; @ 85 c2
Event: 5.232 Thread 0x000001cb1f37d800 DEOPT PACKING pc=0x000001cb0f13e154 sp=0x0000006ecd6f90b0
Event: 5.232 Thread 0x000001cb1f37d800 DEOPT UNPACKING pc=0x000001cb075774af sp=0x0000006ecd6f9068 mode 2
Event: 5.236 Thread 0x000001cb1f37d800 Uncommon trap: trap_request=0xffffff4d fr.pc=0x000001cb0f162778 relative=0x0000000000000318
Event: 5.236 Thread 0x000001cb1f37d800 Uncommon trap: reason=unstable_if action=reinterpret pc=0x000001cb0f162778 method=org.gradle.internal.reflect.PropertyAccessorType.isGetGetterName(Ljava/lang/String;)Z @ 14 c2
Event: 5.236 Thread 0x000001cb1f37d800 DEOPT PACKING pc=0x000001cb0f162778 sp=0x0000006ecd6f99f0
Event: 5.236 Thread 0x000001cb1f37d800 DEOPT UNPACKING pc=0x000001cb075774af sp=0x0000006ecd6f9948 mode 2
Event: 5.258 Thread 0x000001cb1f37d800 Uncommon trap: trap_request=0xffffff4d fr.pc=0x000001cb0f134c08 relative=0x00000000000000e8
Event: 5.258 Thread 0x000001cb1f37d800 Uncommon trap: reason=unstable_if action=reinterpret pc=0x000001cb0f134c08 method=org.objectweb.asm.ByteVector.putShort(I)Lorg/objectweb/asm/ByteVector; @ 13 c2
Event: 5.258 Thread 0x000001cb1f37d800 DEOPT PACKING pc=0x000001cb0f134c08 sp=0x0000006ecd6f9600
Event: 5.258 Thread 0x000001cb1f37d800 DEOPT UNPACKING pc=0x000001cb075774af sp=0x0000006ecd6f9598 mode 2
Event: 5.272 Thread 0x000001cb1f37d800 DEOPT PACKING pc=0x000001cb07ba31f9 sp=0x0000006ecd6f9990
Event: 5.272 Thread 0x000001cb1f37d800 DEOPT UNPACKING pc=0x000001cb075772ce sp=0x0000006ecd6f8ed8 mode 0
Event: 5.345 Thread 0x000001cb1f37d800 Uncommon trap: trap_request=0xffffff4d fr.pc=0x000001cb0f127bac relative=0x00000000000060cc
Event: 5.345 Thread 0x000001cb1f37d800 Uncommon trap: reason=unstable_if action=reinterpret pc=0x000001cb0f127bac method=java.net.URLClassLoader.defineClass(Ljava/lang/String;Ljdk/internal/loader/Resource;)Ljava/lang/Class; @ 21 c2
Event: 5.345 Thread 0x000001cb1f37d800 DEOPT PACKING pc=0x000001cb0f127bac sp=0x0000006ecd6f8e10
Event: 5.345 Thread 0x000001cb1f37d800 DEOPT UNPACKING pc=0x000001cb075774af sp=0x0000006ecd6f8dc8 mode 2

Classes redefined (0 events):
No events

Internal exceptions (20 events):
Event: 5.417 Thread 0x000001cb1f37d800 Exception <a 'java/lang/ClassNotFoundException'{0x00000000aca934a0}: org/gradle/api/internal/initialization/DefaultScriptHandlerCustomizer> (0x00000000aca934a0) thrown at [./src/hotspot/share/classfile/systemDictionary.cpp, line 231]
Event: 5.441 Thread 0x000001cb1f37d800 Exception <a 'java/lang/ClassNotFoundException'{0x00000000ac6c05d8}: org/gradle/api/internal/artifacts/dsl/DefaultRepositoryHandler_DecoratedBeanInfo> (0x00000000ac6c05d8) thrown at [./src/hotspot/share/classfile/systemDictionary.cpp, line 231]
Event: 5.442 Thread 0x000001cb1f37d800 Exception <a 'java/lang/ClassNotFoundException'{0x00000000ac6f0cf0}: org/gradle/api/internal/artifacts/dsl/DefaultRepositoryHandlerBeanInfo> (0x00000000ac6f0cf0) thrown at [./src/hotspot/share/classfile/systemDictionary.cpp, line 231]
Event: 5.443 Thread 0x000001cb1f37d800 Exception <a 'java/lang/ClassNotFoundException'{0x00000000ac523bf8}: org/gradle/api/internal/artifacts/DefaultArtifactRepositoryContainerBeanInfo> (0x00000000ac523bf8) thrown at [./src/hotspot/share/classfile/systemDictionary.cpp, line 231]
Event: 5.443 Thread 0x000001cb1f37d800 Exception <a 'java/lang/ClassNotFoundException'{0x00000000ac546a28}: org/gradle/api/internal/DefaultNamedDomainObjectListBeanInfo> (0x00000000ac546a28) thrown at [./src/hotspot/share/classfile/systemDictionary.cpp, line 231]
Event: 5.444 Thread 0x000001cb1f37d800 Exception <a 'java/lang/ClassNotFoundException'{0x00000000ac56a5f0}: org/gradle/api/internal/DefaultNamedDomainObjectCollectionBeanInfo> (0x00000000ac56a5f0) thrown at [./src/hotspot/share/classfile/systemDictionary.cpp, line 231]
Event: 5.444 Thread 0x000001cb1f37d800 Exception <a 'java/lang/ClassNotFoundException'{0x00000000ac58d6f0}: org/gradle/api/internal/DefaultDomainObjectCollectionBeanInfo> (0x00000000ac58d6f0) thrown at [./src/hotspot/share/classfile/systemDictionary.cpp, line 231]
Event: 5.444 Thread 0x000001cb1f37d800 Exception <a 'java/lang/ClassNotFoundException'{0x00000000ac593198}: java/util/AbstractCollectionBeanInfo> (0x00000000ac593198) thrown at [./src/hotspot/share/classfile/systemDictionary.cpp, line 231]
Event: 5.445 Thread 0x000001cb1f37d800 Exception <a 'java/lang/ClassNotFoundException'{0x00000000ac598ba8}: java/util/AbstractCollectionCustomizer> (0x00000000ac598ba8) thrown at [./src/hotspot/share/classfile/systemDictionary.cpp, line 231]
Event: 5.446 Thread 0x000001cb1f37d800 Exception <a 'java/lang/ClassNotFoundException'{0x00000000ac5c4b90}: org/gradle/api/internal/DefaultDomainObjectCollectionCustomizer> (0x00000000ac5c4b90) thrown at [./src/hotspot/share/classfile/systemDictionary.cpp, line 231]
Event: 5.449 Thread 0x000001cb1f37d800 Exception <a 'java/lang/ClassNotFoundException'{0x00000000ac406308}: org/gradle/api/internal/DefaultNamedDomainObjectCollectionCustomizer> (0x00000000ac406308) thrown at [./src/hotspot/share/classfile/systemDictionary.cpp, line 231]
Event: 5.453 Thread 0x000001cb1f37d800 Exception <a 'java/lang/ClassNotFoundException'{0x00000000ac45abb0}: org/gradle/api/internal/DefaultNamedDomainObjectListCustomizer> (0x00000000ac45abb0) thrown at [./src/hotspot/share/classfile/systemDictionary.cpp, line 231]
Event: 5.456 Thread 0x000001cb1f37d800 Exception <a 'java/lang/ClassNotFoundException'{0x00000000ac4a6d00}: org/gradle/api/internal/artifacts/DefaultArtifactRepositoryContainerCustomizer> (0x00000000ac4a6d00) thrown at [./src/hotspot/share/classfile/systemDictionary.cpp, line 231]
Event: 5.458 Thread 0x000001cb1f37d800 Exception <a 'java/lang/ClassNotFoundException'{0x00000000ac4e88b8}: org/gradle/api/internal/artifacts/dsl/DefaultRepositoryHandlerCustomizer> (0x00000000ac4e88b8) thrown at [./src/hotspot/share/classfile/systemDictionary.cpp, line 231]
Event: 5.461 Thread 0x000001cb1f37d800 Exception <a 'java/lang/ClassNotFoundException'{0x00000000ac33bef8}: org/gradle/api/internal/artifacts/dsl/DefaultRepositoryHandler_DecoratedCustomizer> (0x00000000ac33bef8) thrown at [./src/hotspot/share/classfile/systemDictionary.cpp, line 231]
Event: 5.505 Thread 0x000001cb1f37d800 Exception <a 'java/lang/NoSuchMethodError'{0x00000000ac0ba480}: 'int java.lang.invoke.DirectMethodHandle$Holder.invokeStaticInit(java.lang.Object, java.lang.Object, java.lang.Object, java.lang.Object)'> (0x00000000ac0ba480) thrown at [./src/hotspot/share/interpreter/linkResolver.cpp, line 773]
Event: 5.586 Thread 0x000001cb1f37d800 Exception <a 'java/lang/ClassNotFoundException'{0x00000000ab9956f0}: org/gradle/api/internal/artifacts/dsl/dependencies/DefaultDependencyHandler_DecoratedBeanInfo> (0x00000000ab9956f0) thrown at [./src/hotspot/share/classfile/systemDictionary.cpp, line 231]
Event: 5.586 Thread 0x000001cb1f37d800 Exception <a 'java/lang/ClassNotFoundException'{0x00000000ab9ca4e0}: org/gradle/api/internal/artifacts/dsl/dependencies/DefaultDependencyHandlerBeanInfo> (0x00000000ab9ca4e0) thrown at [./src/hotspot/share/classfile/systemDictionary.cpp, line 231]
Event: 5.587 Thread 0x000001cb1f37d800 Exception <a 'java/lang/ClassNotFoundException'{0x00000000ab9ff5b8}: org/gradle/api/internal/artifacts/dsl/dependencies/DefaultDependencyHandlerCustomizer> (0x00000000ab9ff5b8) thrown at [./src/hotspot/share/classfile/systemDictionary.cpp, line 231]
Event: 5.589 Thread 0x000001cb1f37d800 Exception <a 'java/lang/ClassNotFoundException'{0x00000000ab853a00}: org/gradle/api/internal/artifacts/dsl/dependencies/DefaultDependencyHandler_DecoratedCustomizer> (0x00000000ab853a00) thrown at [./src/hotspot/share/classfile/systemDictionary.cpp, line 231]

Events (20 events):
Event: 5.599 loading class com/google/common/base/Strings
Event: 5.599 loading class com/google/common/base/Strings done
Event: 5.600 loading class org/gradle/api/internal/artifacts/dsl/dependencies/ModuleFactoryHelper
Event: 5.600 loading class org/gradle/api/internal/artifacts/dsl/dependencies/ModuleFactoryHelper done
Event: 5.600 loading class org/gradle/api/internal/artifacts/ivyservice/ResolvedArtifactCollectingVisitor
Event: 5.600 loading class org/gradle/api/internal/artifacts/ivyservice/ResolvedArtifactCollectingVisitor done
Event: 5.601 loading class org/gradle/api/internal/artifacts/configurations/ConfigurationInternal$InternalState
Event: 5.601 loading class org/gradle/api/internal/artifacts/configurations/ConfigurationInternal$InternalState done
Event: 5.601 loading class org/gradle/api/internal/artifacts/configurations/DefaultConfiguration$ResolveState
Event: 5.601 loading class org/gradle/api/internal/artifacts/configurations/DefaultConfiguration$ResolveState done
Event: 5.601 loading class org/gradle/api/internal/artifacts/configurations/DefaultConfiguration
Event: 5.601 loading class org/gradle/api/internal/artifacts/configurations/DefaultConfiguration done
Event: 5.601 loading class org/gradle/api/internal/artifacts/configurations/DefaultConfiguration$1
Event: 5.601 loading class org/gradle/api/internal/artifacts/configurations/DefaultConfiguration$1 done
Event: 5.602 loading class org/gradle/api/internal/artifacts/configurations/DefaultConfiguration$GraphResolved
Event: 5.602 loading class org/gradle/api/internal/artifacts/configurations/DefaultConfiguration$GraphResolved done
Event: 5.602 loading class org/gradle/api/internal/artifacts/configurations/ResolveConfigurationResolutionBuildOperationDetails
Event: 5.602 loading class org/gradle/api/internal/artifacts/configurations/ResolveConfigurationResolutionBuildOperationDetails done
Event: 5.603 loading class org/gradle/api/internal/artifacts/configurations/ResolveConfigurationDependenciesBuildOperationType$Details
Event: 5.603 loading class org/gradle/api/internal/artifacts/configurations/ResolveConfigurationDependenciesBuildOperationType$Details done


Dynamic libraries:
0x00007ff6db360000 - 0x00007ff6db36a000 	C:\Program Files\Android\Android Studio\jre\bin\java.exe
0x00007ff9fdad0000 - 0x00007ff9fdcc5000 	C:\Windows\SYSTEM32\ntdll.dll
0x00007ff9fcb50000 - 0x00007ff9fcc0e000 	C:\Windows\System32\KERNEL32.DLL
0x00007ff9fb360000 - 0x00007ff9fb628000 	C:\Windows\System32\KERNELBASE.dll
0x00007ff9fb6d0000 - 0x00007ff9fb7d0000 	C:\Windows\System32\ucrtbase.dll
0x00007ff9f6740000 - 0x00007ff9f6759000 	C:\Program Files\Android\Android Studio\jre\bin\jli.dll
0x00007ff9f08f0000 - 0x00007ff9f0907000 	C:\Program Files\Android\Android Studio\jre\bin\VCRUNTIME140.dll
0x00007ff9fc730000 - 0x00007ff9fc8d1000 	C:\Windows\System32\USER32.dll
0x00007ff9ebf50000 - 0x00007ff9ec1ea000 	C:\Windows\WinSxS\amd64_microsoft.windows.common-controls_6595b64144ccf1df_6.0.19041.1110_none_60b5254171f9507e\COMCTL32.dll
0x00007ff9fb240000 - 0x00007ff9fb262000 	C:\Windows\System32\win32u.dll
0x00007ff9fbe40000 - 0x00007ff9fbede000 	C:\Windows\System32\msvcrt.dll
0x00007ff9fd080000 - 0x00007ff9fd0ab000 	C:\Windows\System32\GDI32.dll
0x00007ff9fb7d0000 - 0x00007ff9fb8db000 	C:\Windows\System32\gdi32full.dll
0x00007ff9fb630000 - 0x00007ff9fb6cd000 	C:\Windows\System32\msvcp_win.dll
0x00007ff9fcfa0000 - 0x00007ff9fcfd0000 	C:\Windows\System32\IMM32.DLL
0x00007ff9ed000000 - 0x00007ff9ed09d000 	C:\Program Files\Android\Android Studio\jre\bin\msvcp140.dll
0x00007ff9913e0000 - 0x00007ff991e9c000 	C:\Program Files\Android\Android Studio\jre\bin\server\jvm.dll
0x00007ff9fc620000 - 0x00007ff9fc6cc000 	C:\Windows\System32\ADVAPI32.dll
0x00007ff9fd9f0000 - 0x00007ff9fda8b000 	C:\Windows\System32\sechost.dll
0x00007ff9fca20000 - 0x00007ff9fcb4a000 	C:\Windows\System32\RPCRT4.dll
0x00007ff9fbb20000 - 0x00007ff9fbb28000 	C:\Windows\System32\PSAPI.DLL
0x00007ff9f3370000 - 0x00007ff9f337a000 	C:\Windows\SYSTEM32\VERSION.dll
0x00007ff9f8650000 - 0x00007ff9f8677000 	C:\Windows\SYSTEM32\WINMM.dll
0x00007ff9f6930000 - 0x00007ff9f6939000 	C:\Windows\SYSTEM32\WSOCK32.dll
0x00007ff9fcf20000 - 0x00007ff9fcf8b000 	C:\Windows\System32\WS2_32.dll
0x00007ff9f9ac0000 - 0x00007ff9f9ad2000 	C:\Windows\SYSTEM32\kernel.appcore.dll
0x00007ff9f51a0000 - 0x00007ff9f51b1000 	C:\Program Files\Android\Android Studio\jre\bin\verify.dll
0x00007ff9f94f0000 - 0x00007ff9f96d4000 	C:\Windows\SYSTEM32\DBGHELP.DLL
0x00007ff9e0450000 - 0x00007ff9e047c000 	C:\Windows\SYSTEM32\dbgcore.DLL
0x00007ff9fb2d0000 - 0x00007ff9fb353000 	C:\Windows\System32\bcryptPrimitives.dll
0x00007ff9eed50000 - 0x00007ff9eed79000 	C:\Program Files\Android\Android Studio\jre\bin\java.dll
0x00007ff9f4a50000 - 0x00007ff9f4a5b000 	C:\Program Files\Android\Android Studio\jre\bin\jimage.dll
0x00007ff9f34e0000 - 0x00007ff9f34f8000 	C:\Program Files\Android\Android Studio\jre\bin\zip.dll
0x00007ff9fbee0000 - 0x00007ff9fc61f000 	C:\Windows\System32\SHELL32.dll
0x00007ff9f8c90000 - 0x00007ff9f9420000 	C:\Windows\SYSTEM32\windows.storage.dll
0x00007ff9fd600000 - 0x00007ff9fd955000 	C:\Windows\System32\combase.dll
0x00007ff9fabd0000 - 0x00007ff9fabfe000 	C:\Windows\SYSTEM32\Wldp.dll
0x00007ff9fce70000 - 0x00007ff9fcf1d000 	C:\Windows\System32\SHCORE.dll
0x00007ff9fbce0000 - 0x00007ff9fbd35000 	C:\Windows\System32\shlwapi.dll
0x00007ff9fb130000 - 0x00007ff9fb14f000 	C:\Windows\SYSTEM32\profapi.dll
0x00007ff9f24a0000 - 0x00007ff9f24ba000 	C:\Program Files\Android\Android Studio\jre\bin\net.dll
0x00007ff9ebb20000 - 0x00007ff9ebc2c000 	C:\Windows\SYSTEM32\WINHTTP.dll
0x00007ff9fa930000 - 0x00007ff9fa99a000 	C:\Windows\system32\mswsock.dll
0x00007ff9f09b0000 - 0x00007ff9f09c4000 	C:\Program Files\Android\Android Studio\jre\bin\nio.dll
0x00007ff9f51c0000 - 0x00007ff9f51e7000 	C:\Users\KABAD\.gradle\native\fdc75f09e3144964f2cf3f50f0aa648679c211496f362492102eb8c894070792\windows-amd64\native-platform.dll
0x00007ff9b85e0000 - 0x00007ff9b8776000 	C:\Users\KABAD\.gradle\native\12488b8bf47d2d4c9fbf2f6322a914ad602e24e48041cd04a747c6da556b65c4\windows-amd64\native-platform-file-events.dll
0x00007ff9f3c80000 - 0x00007ff9f3c8a000 	C:\Program Files\Android\Android Studio\jre\bin\management.dll
0x00007ff9f33f0000 - 0x00007ff9f33fc000 	C:\Program Files\Android\Android Studio\jre\bin\management_ext.dll
0x00007ff9fab20000 - 0x00007ff9fab38000 	C:\Windows\SYSTEM32\CRYPTSP.dll
0x00007ff9fa250000 - 0x00007ff9fa284000 	C:\Windows\system32\rsaenh.dll
0x00007ff9fbaf0000 - 0x00007ff9fbb17000 	C:\Windows\System32\bcrypt.dll
0x00007ff9fb0b0000 - 0x00007ff9fb0de000 	C:\Windows\SYSTEM32\USERENV.dll
0x00007ff9fab40000 - 0x00007ff9fab4c000 	C:\Windows\SYSTEM32\CRYPTBASE.dll
0x00007ff9fa620000 - 0x00007ff9fa65b000 	C:\Windows\SYSTEM32\IPHLPAPI.DLL
0x00007ff9fcf90000 - 0x00007ff9fcf98000 	C:\Windows\System32\NSI.dll
0x00007ff9f24c0000 - 0x00007ff9f24d7000 	C:\Windows\SYSTEM32\dhcpcsvc6.DLL
0x00007ff9f2810000 - 0x00007ff9f282d000 	C:\Windows\SYSTEM32\dhcpcsvc.DLL
0x00007ff9fa660000 - 0x00007ff9fa72b000 	C:\Windows\SYSTEM32\DNSAPI.dll
0x00007ff9f2ff0000 - 0x00007ff9f2ffb000 	C:\Windows\SYSTEM32\WINNSI.DLL

dbghelp: loaded successfully - version: 4.0.5 - missing functions: none
symbol engine: initialized successfully - sym options: 0x614 - pdb path: .;C:\Program Files\Android\Android Studio\jre\bin;C:\Windows\SYSTEM32;C:\Windows\WinSxS\amd64_microsoft.windows.common-controls_6595b64144ccf1df_6.0.19041.1110_none_60b5254171f9507e;C:\Program Files\Android\Android Studio\jre\bin\server;C:\Users\KABAD\.gradle\native\fdc75f09e3144964f2cf3f50f0aa648679c211496f362492102eb8c894070792\windows-amd64;C:\Users\KABAD\.gradle\native\12488b8bf47d2d4c9fbf2f6322a914ad602e24e48041cd04a747c6da556b65c4\windows-amd64

VM Arguments:
jvm_args: --add-opens=java.base/java.util=ALL-UNNAMED --add-opens=java.base/java.lang=ALL-UNNAMED --add-opens=java.base/java.lang.invoke=ALL-UNNAMED --add-opens=java.prefs/java.util.prefs=ALL-UNNAMED -Xmx1536m -Dfile.encoding=windows-1252 -Duser.country=FR -Duser.language=fr -Duser.variant 
java_command: org.gradle.launcher.daemon.bootstrap.GradleDaemon 6.7.1
java_class_path (initial): C:\Users\KABAD\.gradle\wrapper\dists\gradle-6.7.1-bin\bwlcbys1h7rz3272sye1xwiv6\gradle-6.7.1\lib\gradle-launcher-6.7.1.jar
Launcher Type: SUN_STANDARD

[Global flags]
     intx CICompilerCount                          = 4                                         {product} {ergonomic}
     uint ConcGCThreads                            = 3                                         {product} {ergonomic}
     uint G1ConcRefinementThreads                  = 10                                        {product} {ergonomic}
   size_t G1HeapRegionSize                         = 1048576                                   {product} {ergonomic}
    uintx GCDrainStackTargetSize                   = 64                                        {product} {ergonomic}
   size_t InitialHeapSize                          = 257949696                                 {product} {ergonomic}
   size_t MarkStackSize                            = 4194304                                   {product} {ergonomic}
   size_t MaxHeapSize                              = 1610612736                                {product} {command line}
   size_t MaxNewSize                               = 965738496                                 {product} {ergonomic}
   size_t MinHeapDeltaBytes                        = 1048576                                   {product} {ergonomic}
    uintx NonNMethodCodeHeapSize                   = 5836300                                {pd product} {ergonomic}
    uintx NonProfiledCodeHeapSize                  = 122910970                              {pd product} {ergonomic}
    uintx ProfiledCodeHeapSize                     = 122910970                              {pd product} {ergonomic}
    uintx ReservedCodeCacheSize                    = 251658240                              {pd product} {ergonomic}
     bool SegmentedCodeCache                       = true                                      {product} {ergonomic}
     bool UseCompressedClassPointers               = true                                 {lp64_product} {ergonomic}
     bool UseCompressedOops                        = true                                 {lp64_product} {ergonomic}
     bool UseG1GC                                  = true                                      {product} {ergonomic}
     bool UseLargePagesIndividualAllocation        = false                                  {pd product} {ergonomic}

Logging:
Log output configuration:
 #0: stdout all=warning uptime,level,tags
 #1: stderr all=off uptime,level,tags

Environment Variables:
PATH=C:\Windows\system32;C:\Windows;C:\Windows\System32\Wbem;C:\Windows\System32\WindowsPowerShell\v1.0\;C:\Windows\System32\OpenSSH\;C:\Program Files\Git\cmd;C:\Users\KABAD\AppData\Local\Microsoft\WindowsApps;
USERNAME=KABAD
OS=Windows_NT
PROCESSOR_IDENTIFIER=AMD64 Family 23 Model 96 Stepping 1, AuthenticAMD



---------------  S Y S T E M  ---------------

OS: Windows 10 , 64 bit Build 19041 (10.0.19041.1348)
OS uptime: 10 days 18:17 hours

CPU:total 12 (initial active 12) (12 cores per cpu, 2 threads per core) family 23 model 96 stepping 1, cmov, cx8, fxsr, mmx, sse, sse2, sse3, ssse3, sse4.1, sse4.2, popcnt, avx, avx2, aes, clmul, mmxext, 3dnowpref, lzcnt, sse4a, ht, tsc, tscinvbit, tscinv, bmi1, bmi2, adx, sha, fma

Memory: 4k page, system-wide physical 15741M (2525M free)
TotalPageFile size 31101M (AvailPageFile size 5M)
current process WorkingSet (physical memory assigned to process): 278M, peak: 278M
current process commit charge ("private bytes"): 450M, peak: 450M

vm_info: OpenJDK 64-Bit Server VM (11.0.8+10-b944.6842174) for windows-amd64 JRE (11.0.8+10-b944.6842174), built on Sep 19 2020 01:11:42 by "builder" with MS VC++ 14.0 (VS2015)

END.
